        -:    0:Source:dominion.c
        -:    0:Graph:dominion.gcno
        -:    0:Data:dominion.gcda
        -:    0:Runs:8
        -:    0:Programs:8
        -:    1:#include "dominion.h"
        -:    2:#include "dominion_helpers.h"
        -:    3:#include "rngs.h"
        -:    4:#include <stdio.h>
        -:    5:#include <math.h>
        -:    6:#include <stdlib.h>
        -:    7:
function compare called 120 returned 100% blocks executed 83%
      120:    8:int compare(const void* a, const void* b) {
      120:    9:  if (*(int*)a > *(int*)b)
branch  0 taken 0% (fallthrough)
branch  1 taken 100%
    #####:   10:    return 1;
      120:   11:  if (*(int*)a < *(int*)b)
branch  0 taken 27% (fallthrough)
branch  1 taken 73%
       32:   12:    return -1;
       88:   13:  return 0;
        -:   14:}
        -:   15:
function newGame called 0 returned 0% blocks executed 0%
    #####:   16:struct gameState* newGame() {
    #####:   17:  struct gameState* g = malloc(sizeof(struct gameState));
    #####:   18:  return g;
        -:   19:}
        -:   20:
function kingdomCards called 0 returned 0% blocks executed 0%
    #####:   21:int* kingdomCards(int k1, int k2, int k3, int k4, int k5, int k6, int k7,
        -:   22:		  int k8, int k9, int k10) {
    #####:   23:  int* k = malloc(10 * sizeof(int));
    #####:   24:  k[0] = k1;
    #####:   25:  k[1] = k2;
    #####:   26:  k[2] = k3;
    #####:   27:  k[3] = k4;
    #####:   28:  k[4] = k5;
    #####:   29:  k[5] = k6;
    #####:   30:  k[6] = k7;
    #####:   31:  k[7] = k8;
    #####:   32:  k[8] = k9;
    #####:   33:  k[9] = k10;
    #####:   34:  return k;
        -:   35:}
        -:   36:
function initializeGame called 4 returned 100% blocks executed 83%
        4:   37:int initializeGame(int numPlayers, int kingdomCards[10], int randomSeed,
        -:   38:		   struct gameState *state) {
        -:   39:
        -:   40:  int i;
        -:   41:  int j;
        -:   42:  int it;			
        -:   43:  //set up random number generator
        4:   44:  SelectStream(1);
call    0 returned 100%
        4:   45:  PutSeed((long)randomSeed);
call    0 returned 100%
        -:   46:  
        -:   47:  //check number of players
        4:   48:  if (numPlayers > MAX_PLAYERS || numPlayers < 2)
branch  0 taken 100% (fallthrough)
branch  1 taken 0%
branch  2 taken 0% (fallthrough)
branch  3 taken 100%
        -:   49:    {
    #####:   50:      return -1;
        -:   51:    }
        -:   52:
        -:   53:  //set number of players
        4:   54:  state->numPlayers = numPlayers;
        -:   55:
        -:   56:  //check selected kingdom cards are different
       44:   57:  for (i = 0; i < 10; i++)
branch  0 taken 91%
branch  1 taken 9% (fallthrough)
        -:   58:    {
      440:   59:      for (j = 0; j < 10; j++)
branch  0 taken 91%
branch  1 taken 9% (fallthrough)
        -:   60:        {
      400:   61:	  if (j != i && kingdomCards[j] == kingdomCards[i])
branch  0 taken 90% (fallthrough)
branch  1 taken 10%
branch  2 taken 0% (fallthrough)
branch  3 taken 100%
        -:   62:	    {
    #####:   63:	      return -1;
        -:   64:	    }
        -:   65:        }
        -:   66:    }
        -:   67:
        -:   68:
        -:   69:  //initialize supply
        -:   70:  ///////////////////////////////
        -:   71:
        -:   72:  //set number of Curse cards
        4:   73:  if (numPlayers == 2)
branch  0 taken 100% (fallthrough)
branch  1 taken 0%
        -:   74:    {
        4:   75:      state->supplyCount[curse] = 10;
        -:   76:    }
    #####:   77:  else if (numPlayers == 3)
branch  0 never executed
branch  1 never executed
        -:   78:    {
    #####:   79:      state->supplyCount[curse] = 20;
        -:   80:    }
        -:   81:  else
        -:   82:    {
    #####:   83:      state->supplyCount[curse] = 30;
        -:   84:    }
        -:   85:
        -:   86:  //set number of Victory cards
        4:   87:  if (numPlayers == 2)
branch  0 taken 100% (fallthrough)
branch  1 taken 0%
        -:   88:    {
        4:   89:      state->supplyCount[estate] = 8;
        4:   90:      state->supplyCount[duchy] = 8;
        4:   91:      state->supplyCount[province] = 8;
        -:   92:    }
        -:   93:  else
        -:   94:    {
    #####:   95:      state->supplyCount[estate] = 12;
    #####:   96:      state->supplyCount[duchy] = 12;
    #####:   97:      state->supplyCount[province] = 12;
        -:   98:    }
        -:   99:
        -:  100:  //set number of Treasure cards
        4:  101:  state->supplyCount[copper] = 60 - (7 * numPlayers);
        4:  102:  state->supplyCount[silver] = 40;
        4:  103:  state->supplyCount[gold] = 30;
        -:  104:
        -:  105:  //set number of Kingdom cards
       84:  106:  for (i = adventurer; i <= treasure_map; i++)       	//loop all cards
branch  0 taken 95%
branch  1 taken 5% (fallthrough)
        -:  107:  {
      660:  108:    for (j = 0; j < 10; j++)           		//loop chosen cards
branch  0 taken 94%
branch  1 taken 6% (fallthrough)
        -:  109:    {
      620:  110:      if (kingdomCards[j] == i)
branch  0 taken 6% (fallthrough)
branch  1 taken 94%
        -:  111:      {
        -:  112:        //check if card is a 'Victory' Kingdom card
       40:  113:        if (kingdomCards[j] == great_hall || kingdomCards[j] == gardens)
branch  0 taken 100% (fallthrough)
branch  1 taken 0%
branch  2 taken 0% (fallthrough)
branch  3 taken 100%
        -:  114:        {
    #####:  115:          if (numPlayers == 2){ 
branch  0 never executed
branch  1 never executed
    #####:  116:            state->supplyCount[i] = 8; 
        -:  117:          }
    #####:  118:          else{ state->supplyCount[i] = 12; }
        -:  119:        }
        -:  120:        else
        -:  121:        {
       40:  122:          state->supplyCount[i] = 10;
        -:  123:        }
       40:  124:        break;
        -:  125:      }
        -:  126:      else    //card is not in the set choosen for the game
        -:  127:      {
      580:  128:        state->supplyCount[i] = -1;
        -:  129:      }
        -:  130:    }
        -:  131:  }
        -:  132:
        -:  133:  ////////////////////////
        -:  134:  //supply intilization complete
        -:  135:  //set player decks
       12:  136:  for (i = 0; i < numPlayers; i++)
branch  0 taken 67%
branch  1 taken 33% (fallthrough)
        -:  137:  {
        8:  138:    state->deckCount[i] = 0;
       32:  139:    for (j = 0; j < 3; j++)
branch  0 taken 75%
branch  1 taken 25% (fallthrough)
        -:  140:    {
       24:  141:      state->deck[i][j] = estate;
       24:  142:      state->deckCount[i]++;
        -:  143:    }
       64:  144:    for (j = 3; j < 10; j++)
branch  0 taken 88%
branch  1 taken 13% (fallthrough)
        -:  145:    {
       56:  146:      state->deck[i][j] = copper;
       56:  147:      state->deckCount[i]++;		
        -:  148:    }
        -:  149:  }
        -:  150:
        -:  151:  //shuffle player decks
       12:  152:  for (i = 0; i < numPlayers; i++)
branch  0 taken 67%
branch  1 taken 33% (fallthrough)
        -:  153:  {
        8:  154:    if ( shuffle(i, state) < 0 )
call    0 returned 100%
branch  1 taken 0% (fallthrough)
branch  2 taken 100%
        -:  155:    {
    #####:  156:      return -1;
        -:  157:    }
        -:  158:  }
        -:  159:
        -:  160:  //draw player hands
       12:  161:  for (i = 0; i < numPlayers; i++)
branch  0 taken 67%
branch  1 taken 33% (fallthrough)
        -:  162:    {  
        -:  163:      //initialize hand size to zero
        8:  164:      state->handCount[i] = 0;
        8:  165:      state->discardCount[i] = 0;
        -:  166:      //draw 5 cards
        -:  167:      // for (j = 0; j < 5; j++)
        -:  168:      //	{
        -:  169:      //	  drawCard(i, state);
        -:  170:      //	}
        -:  171:    }
        -:  172:  
        -:  173:  //set embargo tokens to 0 for all supply piles
      112:  174:  for (i = 0; i <= treasure_map; i++)
branch  0 taken 96%
branch  1 taken 4% (fallthrough)
        -:  175:    {
      108:  176:      state->embargoTokens[i] = 0;
        -:  177:    }
        -:  178:
        -:  179:  //initialize first player's turn
        4:  180:  state->outpostPlayed = 0;
        4:  181:  state->phase = 0;
        4:  182:  state->numActions = 1;
        4:  183:  state->numBuys = 1;
        4:  184:  state->playedCardCount = 0;
        4:  185:  state->whoseTurn = 0;
        4:  186:  state->handCount[state->whoseTurn] = 0;
        -:  187:  //int it; move to top
        -:  188:
        -:  189:  //Moved draw cards to here, only drawing at the start of a turn
       24:  190:  for (it = 0; it < 5; it++){
branch  0 taken 83%
branch  1 taken 17% (fallthrough)
       20:  191:    drawCard(state->whoseTurn, state);
call    0 returned 100%
        -:  192:  }
        -:  193:
        4:  194:  updateCoins(state->whoseTurn, state, 0);
call    0 returned 100%
        -:  195:
        4:  196:  return 0;
        -:  197:}
        -:  198:
function shuffle called 10 returned 100% blocks executed 100%
       10:  199:int shuffle(int player, struct gameState *state) {
        -:  200:
        -:  201:  int newDeck[MAX_DECK];
       10:  202:  int newDeckPos = 0;
        -:  203:  int card;
        -:  204:  int i;
        -:  205:
       10:  206:  if (state->deckCount[player] < 1)
branch  0 taken 20% (fallthrough)
branch  1 taken 80%
        2:  207:    return -1;
        8:  208:  qsort ((void*)(state->deck[player]), state->deckCount[player], sizeof(int), compare); 
call    0 returned 100%
        -:  209:  /* SORT CARDS IN DECK TO ENSURE DETERMINISM! */
        -:  210:
       96:  211:  while (state->deckCount[player] > 0) {
branch  0 taken 91%
branch  1 taken 9% (fallthrough)
       80:  212:    card = floor(Random() * state->deckCount[player]);
call    0 returned 100%
       80:  213:    newDeck[newDeckPos] = state->deck[player][card];
       80:  214:    newDeckPos++;
      280:  215:    for (i = card; i < state->deckCount[player]-1; i++) {
branch  0 taken 71%
branch  1 taken 29% (fallthrough)
      200:  216:      state->deck[player][i] = state->deck[player][i+1];
        -:  217:    }
       80:  218:    state->deckCount[player]--;
        -:  219:  }
       88:  220:  for (i = 0; i < newDeckPos; i++) {
branch  0 taken 91%
branch  1 taken 9% (fallthrough)
       80:  221:    state->deck[player][i] = newDeck[i];
       80:  222:    state->deckCount[player]++;
        -:  223:  }
        -:  224:
        8:  225:  return 0;
        -:  226:}
        -:  227:
function playCard called 0 returned 0% blocks executed 0%
    #####:  228:int playCard(int handPos, int choice1, int choice2, int choice3, struct gameState *state) 
        -:  229:{	
        -:  230:  int card;
    #####:  231:  int coin_bonus = 0; 		//tracks coins gain from actions
        -:  232:
        -:  233:  //check if it is the right phase
    #####:  234:  if (state->phase != 0)
branch  0 never executed
branch  1 never executed
        -:  235:    {
    #####:  236:      return -1;
        -:  237:    }
        -:  238:	
        -:  239:  //check if player has enough actions
    #####:  240:  if ( state->numActions < 1 )
branch  0 never executed
branch  1 never executed
        -:  241:    {
    #####:  242:      return -1;
        -:  243:    }
        -:  244:	
        -:  245:  //get card played
    #####:  246:  card = handCard(handPos, state);
call    0 never executed
        -:  247:	
        -:  248:  //check if selected card is an action
    #####:  249:  if ( card < adventurer || card > treasure_map )
branch  0 never executed
branch  1 never executed
branch  2 never executed
branch  3 never executed
        -:  250:    {
    #####:  251:      return -1;
        -:  252:    }
        -:  253:	
        -:  254:  //play card
    #####:  255:  if ( cardEffect(card, choice1, choice2, choice3, state, handPos, &coin_bonus) < 0 )
call    0 never executed
branch  1 never executed
branch  2 never executed
        -:  256:    {
    #####:  257:      return -1;
        -:  258:    }
        -:  259:	
        -:  260:  //reduce number of actions
    #####:  261:  state->numActions--;
        -:  262:
        -:  263:  //update coins (Treasure cards may be added with card draws)
    #####:  264:  updateCoins(state->whoseTurn, state, coin_bonus);
call    0 never executed
        -:  265:	
    #####:  266:  return 0;
        -:  267:}
        -:  268:
function buyCard called 6 returned 100% blocks executed 100%
        6:  269:int buyCard(int supplyPos, struct gameState *state) {
        -:  270:  int who;
        -:  271:  if (DEBUG){
        -:  272:    printf("Entering buyCard...\n");
        -:  273:  }
        -:  274:
        -:  275:  // I don't know what to do about the phase thing.
        -:  276:
        6:  277:  who = state->whoseTurn;
        -:  278:
        6:  279:  if (state->numBuys < 1){
branch  0 taken 17% (fallthrough)
branch  1 taken 83%
        -:  280:    if (DEBUG)
        -:  281:      printf("You do not have any buys left\n");
        1:  282:    return -1;
        5:  283:  } else if (supplyCount(supplyPos, state) <1){
call    0 returned 100%
branch  1 taken 20% (fallthrough)
branch  2 taken 80%
        -:  284:    if (DEBUG)
        -:  285:      printf("There are not any of that type of card left\n");
        1:  286:    return -1;
        4:  287:  } else if (state->coins < getCost(supplyPos)){
call    0 returned 100%
branch  1 taken 50% (fallthrough)
branch  2 taken 50%
        -:  288:    if (DEBUG) 
        -:  289:      printf("You do not have enough money to buy that. You have %d coins.\n", state->coins);
        2:  290:    return -1;
        -:  291:  } else {
        2:  292:    state->phase=1;
        -:  293:    //state->supplyCount[supplyPos]--;
        2:  294:    gainCard(supplyPos, state, 0, who); //card goes in discard, this might be wrong.. (2 means goes into hand, 0 goes into discard)
call    0 returned 100%
        -:  295:  
        2:  296:    state->coins = (state->coins) - (getCost(supplyPos));
call    0 returned 100%
        2:  297:    state->numBuys--;
        -:  298:    if (DEBUG)
        -:  299:      printf("You bought card number %d for %d coins. You now have %d buys and %d coins.\n", supplyPos, getCost(supplyPos), state->numBuys, state->coins);
        -:  300:  }
        -:  301:
        -:  302:  //state->discard[who][state->discardCount[who]] = supplyPos;
        -:  303:  //state->discardCount[who]++;
        -:  304:    
        2:  305:  return 0;
        -:  306:}
        -:  307:
function numHandCards called 4 returned 100% blocks executed 100%
        4:  308:int numHandCards(struct gameState *state) {
        4:  309:  return state->handCount[ whoseTurn(state) ];
call    0 returned 100%
        -:  310:}
        -:  311:
function handCard called 4 returned 100% blocks executed 100%
        4:  312:int handCard(int handPos, struct gameState *state) {
        4:  313:  int currentPlayer = whoseTurn(state);
call    0 returned 100%
        4:  314:  return state->hand[currentPlayer][handPos];
        -:  315:}
        -:  316:
function supplyCount called 7 returned 100% blocks executed 100%
        7:  317:int supplyCount(int card, struct gameState *state) {
        7:  318:  return state->supplyCount[card];
        -:  319:}
        -:  320:
function fullDeckCount called 0 returned 0% blocks executed 0%
    #####:  321:int fullDeckCount(int player, int card, struct gameState *state) {
        -:  322:  int i;
    #####:  323:  int count = 0;
        -:  324:
    #####:  325:  for (i = 0; i < state->deckCount[player]; i++)
branch  0 never executed
branch  1 never executed
        -:  326:  {
    #####:  327:    if (state->deck[player][i] == card) count++;
branch  0 never executed
branch  1 never executed
        -:  328:  }
        -:  329:
    #####:  330:  for (i = 0; i < state->handCount[player]; i++)
branch  0 never executed
branch  1 never executed
        -:  331:  {
    #####:  332:    if (state->hand[player][i] == card) count++;
branch  0 never executed
branch  1 never executed
        -:  333:  }
        -:  334:
    #####:  335:  for (i = 0; i < state->discardCount[player]; i++)
branch  0 never executed
branch  1 never executed
        -:  336:  {
    #####:  337:    if (state->discard[player][i] == card) count++;
branch  0 never executed
branch  1 never executed
        -:  338:  }
        -:  339:
    #####:  340:  return count;
        -:  341:}
        -:  342:
function whoseTurn called 12 returned 100% blocks executed 100%
       12:  343:int whoseTurn(struct gameState *state) {
       12:  344:  return state->whoseTurn;
        -:  345:}
        -:  346:
function endTurn called 0 returned 0% blocks executed 0%
    #####:  347:int endTurn(struct gameState *state) {
        -:  348:  int k;
        -:  349:  int i;
    #####:  350:  int currentPlayer = whoseTurn(state);
call    0 never executed
        -:  351:  
        -:  352:  //Discard hand
    #####:  353:  for (i = 0; i < state->handCount[currentPlayer]; i++){
branch  0 never executed
branch  1 never executed
    #####:  354:    state->discard[currentPlayer][state->discardCount[currentPlayer]++] = state->hand[currentPlayer][i];//Discard
    #####:  355:    state->hand[currentPlayer][i] = -1;//Set card to -1
        -:  356:  }
    #####:  357:  state->handCount[currentPlayer] = 0;//Reset hand count
        -:  358:    
        -:  359:  //Code for determining the player
    #####:  360:  if (currentPlayer < (state->numPlayers - 1)){ 
branch  0 never executed
branch  1 never executed
    #####:  361:    state->whoseTurn = currentPlayer + 1;//Still safe to increment
        -:  362:  }
        -:  363:  else{
    #####:  364:    state->whoseTurn = 0;//Max player has been reached, loop back around to player 1
        -:  365:  }
        -:  366:
    #####:  367:  state->outpostPlayed = 0;
    #####:  368:  state->phase = 0;
    #####:  369:  state->numActions = 1;
    #####:  370:  state->coins = 0;
    #####:  371:  state->numBuys = 1;
    #####:  372:  state->playedCardCount = 0;
    #####:  373:  state->handCount[state->whoseTurn] = 0;
        -:  374:
        -:  375:  //int k; move to top
        -:  376:  //Next player draws hand
    #####:  377:  for (k = 0; k < 5; k++){
branch  0 never executed
branch  1 never executed
    #####:  378:    drawCard(state->whoseTurn, state);//Draw a card
call    0 never executed
        -:  379:  }
        -:  380:
        -:  381:  //Update money
    #####:  382:  updateCoins(state->whoseTurn, state , 0);
call    0 never executed
        -:  383:
    #####:  384:  return 0;
        -:  385:}
        -:  386:
function isGameOver called 4 returned 100% blocks executed 100%
        4:  387:int isGameOver(struct gameState *state) {
        -:  388:  int i;
        -:  389:  int j;
        -:  390:	
        -:  391:  //if stack of Province cards is empty, the game ends
        4:  392:  if (state->supplyCount[province] == 0)
branch  0 taken 25% (fallthrough)
branch  1 taken 75%
        -:  393:  {
        1:  394:    return 1;
        -:  395:  }
        -:  396:
        -:  397:  //if three supply pile are at 0, the game ends
        3:  398:  j = 0;
       78:  399:  for (i = 0; i < 25; i++)
branch  0 taken 96%
branch  1 taken 4% (fallthrough)
        -:  400:  {
       75:  401:    if (state->supplyCount[i] == 0)
branch  0 taken 4% (fallthrough)
branch  1 taken 96%
        -:  402:    {
        3:  403:      j++;
        -:  404:    }
        -:  405:  }
        3:  406:  if ( j >= 3)
branch  0 taken 33% (fallthrough)
branch  1 taken 67%
        -:  407:  {
        1:  408:    return 1;
        -:  409:  }
        -:  410:
        2:  411:  return 0;
        -:  412:}
        -:  413:
function scoreFor called 0 returned 0% blocks executed 0%
    #####:  414:int scoreFor (int player, struct gameState *state) {
        -:  415:
        -:  416:  int i;
    #####:  417:  int score = 0;
        -:  418:  //score from hand
    #####:  419:  for (i = 0; i < state->handCount[player]; i++)
branch  0 never executed
branch  1 never executed
        -:  420:  {
    #####:  421:    if (state->hand[player][i] == curse) { score = score - 1; };
branch  0 never executed
branch  1 never executed
    #####:  422:    if (state->hand[player][i] == estate) { score = score + 1; };
branch  0 never executed
branch  1 never executed
    #####:  423:    if (state->hand[player][i] == duchy) { score = score + 3; };
branch  0 never executed
branch  1 never executed
    #####:  424:    if (state->hand[player][i] == province) { score = score + 6; };
branch  0 never executed
branch  1 never executed
    #####:  425:    if (state->hand[player][i] == great_hall) { score = score + 1; };
branch  0 never executed
branch  1 never executed
    #####:  426:    if (state->hand[player][i] == gardens) { score = score + ( fullDeckCount(player, 0, state) / 10 ); };
branch  0 never executed
branch  1 never executed
call    2 never executed
        -:  427:  }
        -:  428:
        -:  429:  //score from discard
    #####:  430:  for (i = 0; i < state->discardCount[player]; i++)
branch  0 never executed
branch  1 never executed
        -:  431:  {
    #####:  432:    if (state->discard[player][i] == curse) { score = score - 1; };
branch  0 never executed
branch  1 never executed
    #####:  433:    if (state->discard[player][i] == estate) { score = score + 1; };
branch  0 never executed
branch  1 never executed
    #####:  434:    if (state->discard[player][i] == duchy) { score = score + 3; };
branch  0 never executed
branch  1 never executed
    #####:  435:    if (state->discard[player][i] == province) { score = score + 6; };
branch  0 never executed
branch  1 never executed
    #####:  436:    if (state->discard[player][i] == great_hall) { score = score + 1; };
branch  0 never executed
branch  1 never executed
    #####:  437:    if (state->discard[player][i] == gardens) { score = score + ( fullDeckCount(player, 0, state) / 10 ); };
branch  0 never executed
branch  1 never executed
call    2 never executed
        -:  438:  }
        -:  439:
        -:  440:  //score from deck
    #####:  441:  for (i = 0; i < state->discardCount[player]; i++)
branch  0 never executed
branch  1 never executed
        -:  442:  {
    #####:  443:    if (state->deck[player][i] == curse) { score = score - 1; };
branch  0 never executed
branch  1 never executed
    #####:  444:    if (state->deck[player][i] == estate) { score = score + 1; };
branch  0 never executed
branch  1 never executed
    #####:  445:    if (state->deck[player][i] == duchy) { score = score + 3; };
branch  0 never executed
branch  1 never executed
    #####:  446:    if (state->deck[player][i] == province) { score = score + 6; };
branch  0 never executed
branch  1 never executed
    #####:  447:    if (state->deck[player][i] == great_hall) { score = score + 1; };
branch  0 never executed
branch  1 never executed
    #####:  448:    if (state->deck[player][i] == gardens) { score = score + ( fullDeckCount(player, 0, state) / 10 ); };
branch  0 never executed
branch  1 never executed
call    2 never executed
        -:  449:  }
        -:  450:
    #####:  451:  return score;
        -:  452:}
        -:  453:
function getWinners called 0 returned 0% blocks executed 0%
    #####:  454:int getWinners(int players[MAX_PLAYERS], struct gameState *state) {
        -:  455:  int i;	
        -:  456:  int j;
        -:  457:  int highScore;
        -:  458:  int currentPlayer;
        -:  459:
        -:  460:  //get score for each player
    #####:  461:  for (i = 0; i < MAX_PLAYERS; i++)
branch  0 never executed
branch  1 never executed
        -:  462:    {
        -:  463:      //set unused player scores to -9999
    #####:  464:      if (i >= state->numPlayers)
branch  0 never executed
branch  1 never executed
        -:  465:      {
    #####:  466:        players[i] = -9999;
        -:  467:      }
        -:  468:          else
        -:  469:      {
    #####:  470:        players[i] = scoreFor (i, state);
call    0 never executed
        -:  471:      }
        -:  472:    }
        -:  473:
        -:  474:  //find highest score
    #####:  475:  j = 0;
    #####:  476:  for (i = 0; i < MAX_PLAYERS; i++)
branch  0 never executed
branch  1 never executed
        -:  477:    {
    #####:  478:      if (players[i] > players[j])
branch  0 never executed
branch  1 never executed
        -:  479:      {
    #####:  480:        j = i;
        -:  481:      }
        -:  482:    }
    #####:  483:  highScore = players[j];
        -:  484:
        -:  485:  //add 1 to players who had less turns
    #####:  486:  currentPlayer = whoseTurn(state);
call    0 never executed
    #####:  487:  for (i = 0; i < MAX_PLAYERS; i++)
branch  0 never executed
branch  1 never executed
        -:  488:  {
    #####:  489:    if ( players[i] == highScore && i > currentPlayer )
branch  0 never executed
branch  1 never executed
branch  2 never executed
branch  3 never executed
        -:  490:    {
    #####:  491:      players[i]++;
        -:  492:    }
        -:  493:  }
        -:  494:
        -:  495:  //find new highest score
    #####:  496:  j = 0;
    #####:  497:  for (i = 0; i < MAX_PLAYERS; i++)
branch  0 never executed
branch  1 never executed
        -:  498:  {
    #####:  499:    if ( players[i] > players[j] )
branch  0 never executed
branch  1 never executed
        -:  500:    {
    #####:  501:      j = i;
        -:  502:    }
        -:  503:  }
    #####:  504:  highScore = players[j];
        -:  505:
        -:  506:  //set winners in array to 1 and rest to 0
    #####:  507:  for (i = 0; i < MAX_PLAYERS; i++)
branch  0 never executed
branch  1 never executed
        -:  508:  {
    #####:  509:    if ( players[i] == highScore )
branch  0 never executed
branch  1 never executed
        -:  510:    {
    #####:  511:      players[i] = 1;
        -:  512:    }
        -:  513:        else
        -:  514:    {
    #####:  515:      players[i] = 0;
        -:  516:    }
        -:  517:  }
        -:  518:
    #####:  519:  return 0;
        -:  520:}
        -:  521:
function drawCard called 31 returned 100% blocks executed 85%
       31:  522:int drawCard(int player, struct gameState *state){	
        -:  523:  int count;
        -:  524:  int deckCounter;
       31:  525:  if (state->deckCount[player] <= 0){//Deck is empty
branch  0 taken 3% (fallthrough)
branch  1 taken 97%
        -:  526:    
        -:  527:    //Step 1 Shuffle the discard pile back into a deck
        -:  528:    int i;
        -:  529:    //Move discard to deck
        1:  530:    for (i = 0; i < state->discardCount[player];i++){
branch  0 taken 0%
branch  1 taken 100% (fallthrough)
    #####:  531:      state->deck[player][i] = state->discard[player][i];
    #####:  532:      state->discard[player][i] = -1;
        -:  533:    }
        -:  534:
        1:  535:    state->deckCount[player] = state->discardCount[player];
        1:  536:    state->discardCount[player] = 0;//Reset discard
        -:  537:
        -:  538:    //Shufffle the deck
        1:  539:    shuffle(player, state);//Shuffle the deck up and make it so that we can draw
call    0 returned 100%
        -:  540:   
        -:  541:    if (DEBUG){//Debug statements
        -:  542:      printf("Deck count now: %d\n", state->deckCount[player]);
        -:  543:    }
        -:  544:    
        1:  545:    state->discardCount[player] = 0;
        -:  546:
        -:  547:    //Step 2 Draw Card
        1:  548:    count = state->handCount[player];//Get current player's hand count
        -:  549:    
        -:  550:    if (DEBUG){//Debug statements
        -:  551:      printf("Current hand count: %d\n", count);
        -:  552:    }
        -:  553:    
        1:  554:    deckCounter = state->deckCount[player];//Create a holder for the deck count
        -:  555:
        1:  556:    if (deckCounter == 0)
branch  0 taken 100% (fallthrough)
branch  1 taken 0%
        1:  557:      return -1;
        -:  558:
    #####:  559:    state->hand[player][count] = state->deck[player][deckCounter - 1];//Add card to hand
    #####:  560:    state->deckCount[player]--;
    #####:  561:    state->handCount[player]++;//Increment hand count
        -:  562:  }
        -:  563:
        -:  564:  else{
       30:  565:    int count = state->handCount[player];//Get current hand count for player
        -:  566:    int deckCounter;
        -:  567:    if (DEBUG){//Debug statements
        -:  568:      printf("Current hand count: %d\n", count);
        -:  569:    }
        -:  570:
       30:  571:    deckCounter = state->deckCount[player];//Create holder for the deck count
       30:  572:    state->hand[player][count] = state->deck[player][deckCounter - 1];//Add card to the hand
       30:  573:    state->deckCount[player]--;
       30:  574:    state->handCount[player]++;//Increment hand count
        -:  575:  }
        -:  576:
       30:  577:  return 0;
        -:  578:}
        -:  579:
function getCost called 6 returned 100% blocks executed 10%
        6:  580:int getCost(int cardNumber)
        -:  581:{
        6:  582:  switch( cardNumber ) 
branch  0 taken 0%
branch  1 taken 0%
branch  2 taken 0%
branch  3 taken 100%
branch  4 taken 0%
branch  5 taken 0%
branch  6 taken 0%
branch  7 taken 0%
branch  8 taken 0%
branch  9 taken 0%
branch 10 taken 0%
branch 11 taken 0%
branch 12 taken 0%
branch 13 taken 0%
branch 14 taken 0%
branch 15 taken 0%
branch 16 taken 0%
branch 17 taken 0%
branch 18 taken 0%
branch 19 taken 0%
branch 20 taken 0%
branch 21 taken 0%
branch 22 taken 0%
branch 23 taken 0%
branch 24 taken 0%
branch 25 taken 0%
branch 26 taken 0%
branch 27 taken 0%
        -:  583:    {
        -:  584:    case curse:
    #####:  585:      return 0;
        -:  586:    case estate:
    #####:  587:      return 2;
        -:  588:    case duchy:
    #####:  589:      return 5;
        -:  590:    case province:
        6:  591:      return 8;
        -:  592:    case copper:
    #####:  593:      return 0;
        -:  594:    case silver:
    #####:  595:      return 3;
        -:  596:    case gold:
    #####:  597:      return 6;
        -:  598:    case adventurer:
    #####:  599:      return 6;
        -:  600:    case council_room:
    #####:  601:      return 5;
        -:  602:    case feast:
    #####:  603:      return 4;
        -:  604:    case gardens:
    #####:  605:      return 4;
        -:  606:    case mine:
    #####:  607:      return 5;
        -:  608:    case remodel:
    #####:  609:      return 4;
        -:  610:    case smithy:
    #####:  611:      return 4;
        -:  612:    case village:
    #####:  613:      return 3;
        -:  614:    case baron:
    #####:  615:      return 4;
        -:  616:    case great_hall:
    #####:  617:      return 3;
        -:  618:    case minion:
    #####:  619:      return 5;
        -:  620:    case steward:
    #####:  621:      return 3;
        -:  622:    case tribute:
    #####:  623:      return 5;
        -:  624:    case ambassador:
    #####:  625:      return 3;
        -:  626:    case cutpurse:
    #####:  627:      return 4;
        -:  628:    case embargo: 
    #####:  629:      return 2;
        -:  630:    case outpost:
    #####:  631:      return 5;
        -:  632:    case salvager:
    #####:  633:      return 4;
        -:  634:    case sea_hag:
    #####:  635:      return 4;
        -:  636:    case treasure_map:
    #####:  637:      return 4;
        -:  638:    }
        -:  639:	
    #####:  640:  return -1;
        -:  641:}
        -:  642:
        -:  643:
function cardEffect called 4 returned 100% blocks executed 7%
        4:  644:int cardEffect(int card, int choice1, int choice2, int choice3, struct gameState *state, int handPos, int *bonus)
        -:  645:{
        -:  646:  int i, j, k;
        4:  647:  int index=0;
        4:  648:  int currentPlayer = whoseTurn(state);
call    0 returned 100%
        4:  649:  int nextPlayer = currentPlayer + 1;
        4:  650:  int tributeRevealedCards[2] = {-1, -1};
        -:  651:  int temphand[MAX_HAND];// moved above the if statement
        4:  652:  int drawntreasure=0;
        4:  653:  int cardDrawn=0;
        4:  654:  int z = 0;// this is the counter for the temp hand
        4:  655:  if (nextPlayer > (state->numPlayers - 1)){
branch  0 taken 0% (fallthrough)
branch  1 taken 100%
    #####:  656:    nextPlayer = 0;
        -:  657:  }
        -:  658:	
        -:  659:  //uses switch to select card and perform actions
        4:  660:  switch( card ) 
branch  0 taken 25%
branch  1 taken 0%
branch  2 taken 0%
branch  3 taken 0%
branch  4 taken 0%
branch  5 taken 0%
branch  6 taken 25%
branch  7 taken 25%
branch  8 taken 0%
branch  9 taken 25%
branch 10 taken 0%
branch 11 taken 0%
branch 12 taken 0%
branch 13 taken 0%
branch 14 taken 0%
branch 15 taken 0%
branch 16 taken 0%
branch 17 taken 0%
branch 18 taken 0%
branch 19 taken 0%
branch 20 taken 0%
        -:  661:    {
        -:  662:    case adventurer:
        1:  663:      playAdventurer(state, drawntreasure, z, currentPlayer, cardDrawn, temphand);
call    0 returned 100%
        1:  664:      return 0;
        -:  665:			
        -:  666:    case council_room:
    #####:  667:			playCouncilRoom(state, handPos, currentPlayer);
call    0 never executed
    #####:  668:      return 0;
        -:  669:			
        -:  670:    case feast:
    #####:  671:      playFeast(state, choice1, temphand, currentPlayer);			
call    0 never executed
    #####:  672:      return 0;
        -:  673:			
        -:  674:    case gardens:
    #####:  675:      return -1;
        -:  676:			
        -:  677:    case mine:
    #####:  678:      j = state->hand[currentPlayer][choice1];  //store card we will trash
        -:  679:
    #####:  680:      if (state->hand[currentPlayer][choice1] < copper || state->hand[currentPlayer][choice1] > gold)
branch  0 never executed
branch  1 never executed
branch  2 never executed
branch  3 never executed
        -:  681:      {
    #####:  682:        return -1;
        -:  683:      }
        -:  684:        
    #####:  685:          if (choice2 > treasure_map || choice2 < curse)
branch  0 never executed
branch  1 never executed
branch  2 never executed
branch  3 never executed
        -:  686:      {
    #####:  687:        return -1;
        -:  688:      }
        -:  689:
    #####:  690:          if ( (getCost(state->hand[currentPlayer][choice1]) + 3) > getCost(choice2) )
call    0 never executed
call    1 never executed
branch  2 never executed
branch  3 never executed
        -:  691:      {
    #####:  692:        return -1;
        -:  693:      }
        -:  694:
    #####:  695:          gainCard(choice2, state, 2, currentPlayer);
call    0 never executed
        -:  696:
        -:  697:          //discard card from hand
    #####:  698:          discardCard(handPos, currentPlayer, state, 0);
call    0 never executed
        -:  699:
        -:  700:          //discard trashed card
    #####:  701:          for (i = 0; i < state->handCount[currentPlayer]; i++)
branch  0 never executed
branch  1 never executed
        -:  702:      {
    #####:  703:        if (state->hand[currentPlayer][i] == j)
branch  0 never executed
branch  1 never executed
        -:  704:          {
    #####:  705:            discardCard(i, currentPlayer, state, 0);			
call    0 never executed
    #####:  706:            break;
        -:  707:          }
        -:  708:      }
        -:  709:			
    #####:  710:      return 0;
        -:  711:			
        -:  712:    case remodel:
    #####:  713:      j = state->hand[currentPlayer][choice1];  //store card we will trash
        -:  714:
    #####:  715:      if ( (getCost(state->hand[currentPlayer][choice1]) + 2) > getCost(choice2) )
call    0 never executed
call    1 never executed
branch  2 never executed
branch  3 never executed
        -:  716:      {
    #####:  717:        return -1;
        -:  718:      }
        -:  719:
    #####:  720:          gainCard(choice2, state, 0, currentPlayer);
call    0 never executed
        -:  721:
        -:  722:          //discard card from hand
    #####:  723:          discardCard(handPos, currentPlayer, state, 0);
call    0 never executed
        -:  724:
        -:  725:          //discard trashed card
    #####:  726:          for (i = 0; i < state->handCount[currentPlayer]; i++)
branch  0 never executed
branch  1 never executed
        -:  727:      {
    #####:  728:        if (state->hand[currentPlayer][i] == j)
branch  0 never executed
branch  1 never executed
        -:  729:          {
    #####:  730:            discardCard(i, currentPlayer, state, 0);			
call    0 never executed
    #####:  731:            break;
        -:  732:          }
        -:  733:      }
        -:  734:
    #####:  735:      return 0;
        -:  736:		
        -:  737:    case smithy:
        1:  738:      playSmithy(state, handPos, currentPlayer);
call    0 returned 100%
        1:  739:      return 0;
        -:  740:		
        -:  741:    case village:
        -:  742:      //+1 Card
        1:  743:      drawCard(currentPlayer, state);
call    0 returned 100%
        -:  744:			
        -:  745:      //+2 Actions
        1:  746:      state->numActions = state->numActions + 2;
        -:  747:			
        -:  748:      //discard played card from hand
        1:  749:      discardCard(handPos, currentPlayer, state, 0);
call    0 returned 100%
        1:  750:      return 0;
        -:  751:		
        -:  752:    case baron:
    #####:  753:      state->numBuys++;//Increase buys by 1!
    #####:  754:      if (choice1 > 0){//Boolean true or going to discard an estate
branch  0 never executed
branch  1 never executed
    #####:  755:      int p = 0;//Iterator for hand!
    #####:  756:      int card_not_discarded = 1;//Flag for discard set!
    #####:  757:      while(card_not_discarded){
branch  0 never executed
branch  1 never executed
    #####:  758:        if (state->hand[currentPlayer][p] == estate){//Found an estate card!
branch  0 never executed
branch  1 never executed
    #####:  759:          state->coins += 4;//Add 4 coins to the amount of coins
    #####:  760:          state->discard[currentPlayer][state->discardCount[currentPlayer]] = state->hand[currentPlayer][p];
    #####:  761:          state->discardCount[currentPlayer]++;
    #####:  762:          for (;p < state->handCount[currentPlayer]; p++){
branch  0 never executed
branch  1 never executed
    #####:  763:            state->hand[currentPlayer][p] = state->hand[currentPlayer][p+1];
        -:  764:          }
    #####:  765:          state->hand[currentPlayer][state->handCount[currentPlayer]] = -1;
    #####:  766:          state->handCount[currentPlayer]--;
    #####:  767:          card_not_discarded = 0;//Exit the loop
        -:  768:        }
    #####:  769:        else if (p > state->handCount[currentPlayer]){
branch  0 never executed
branch  1 never executed
        -:  770:          if(DEBUG) {
        -:  771:            printf("No estate cards in your hand, invalid choice\n");
        -:  772:            printf("Must gain an estate if there are any\n");
        -:  773:          }
    #####:  774:          if (supplyCount(estate, state) > 0){
call    0 never executed
branch  1 never executed
branch  2 never executed
    #####:  775:            gainCard(estate, state, 0, currentPlayer);
call    0 never executed
    #####:  776:            state->supplyCount[estate]--;//Decrement estates
    #####:  777:            if (supplyCount(estate, state) == 0){
call    0 never executed
branch  1 never executed
branch  2 never executed
    #####:  778:        isGameOver(state);
call    0 never executed
        -:  779:            }
        -:  780:          }
    #####:  781:          card_not_discarded = 0;//Exit the loop
        -:  782:        }
        -:  783:              
        -:  784:        else{
    #####:  785:          p++;//Next card
        -:  786:        }
        -:  787:      }
        -:  788:          }
        -:  789:              
        -:  790:          else{
    #####:  791:      if (supplyCount(estate, state) > 0){
call    0 never executed
branch  1 never executed
branch  2 never executed
    #####:  792:        gainCard(estate, state, 0, currentPlayer);//Gain an estate
call    0 never executed
    #####:  793:        state->supplyCount[estate]--;//Decrement Estates
    #####:  794:        if (supplyCount(estate, state) == 0){
call    0 never executed
branch  1 never executed
branch  2 never executed
    #####:  795:          isGameOver(state);
call    0 never executed
        -:  796:        }
        -:  797:      }
        -:  798:          }
        -:  799:          
        -:  800:      
    #####:  801:      return 0;
        -:  802:		
        -:  803:    case great_hall:
        -:  804:      //+1 Card
        1:  805:      drawCard(currentPlayer, state);
call    0 returned 100%
        -:  806:			
        -:  807:      //+1 Actions
        1:  808:      state->numActions++;
        -:  809:			
        -:  810:      //discard card from hand
        1:  811:      discardCard(handPos, currentPlayer, state, 0);
call    0 returned 100%
        1:  812:      return 0;
        -:  813:		
        -:  814:    case minion:
        -:  815:      //+1 action
    #####:  816:      state->numActions++;
        -:  817:			
        -:  818:      //discard card from hand
    #####:  819:      discardCard(handPos, currentPlayer, state, 0);
call    0 never executed
        -:  820:			
    #####:  821:      if (choice1)		//+2 coins
branch  0 never executed
branch  1 never executed
        -:  822:      {
    #####:  823:        state->coins = state->coins + 2;
        -:  824:      }
        -:  825:          
    #####:  826:          else if (choice2)		//discard hand, redraw 4, other players with 5+ cards discard hand and draw 4
branch  0 never executed
branch  1 never executed
        -:  827:      {
        -:  828:        //discard hand
    #####:  829:        while(numHandCards(state) > 0)
call    0 never executed
branch  1 never executed
branch  2 never executed
        -:  830:          {
    #####:  831:            discardCard(handPos, currentPlayer, state, 0);
call    0 never executed
        -:  832:          }
        -:  833:            
        -:  834:        //draw 4
    #####:  835:        for (i = 0; i < 4; i++)
branch  0 never executed
branch  1 never executed
        -:  836:          {
    #####:  837:            drawCard(currentPlayer, state);
call    0 never executed
        -:  838:          }
        -:  839:            
        -:  840:        //other players discard hand and redraw if hand size > 4
    #####:  841:        for (i = 0; i < state->numPlayers; i++)
branch  0 never executed
branch  1 never executed
        -:  842:          {
    #####:  843:            if (i != currentPlayer)
branch  0 never executed
branch  1 never executed
        -:  844:        {
    #####:  845:          if ( state->handCount[i] > 4 )
branch  0 never executed
branch  1 never executed
        -:  846:          {
        -:  847:              //discard hand
    #####:  848:              while( state->handCount[i] > 0 )
branch  0 never executed
branch  1 never executed
        -:  849:          {
    #####:  850:            discardCard(handPos, i, state, 0);
call    0 never executed
        -:  851:          }
        -:  852:                  
        -:  853:              //draw 4
    #####:  854:              for (j = 0; j < 4; j++)
branch  0 never executed
branch  1 never executed
        -:  855:          {
    #####:  856:            drawCard(i, state);
call    0 never executed
        -:  857:          }
        -:  858:            }
        -:  859:        }
        -:  860:          }    
        -:  861:      }
    #####:  862:      return 0;
        -:  863:		
        -:  864:    case steward:
    #####:  865:      playSteward(state, choice1, choice2, choice3, handPos, currentPlayer);
call    0 never executed
    #####:  866:      return 0;
        -:  867:		
        -:  868:    case tribute:
    #####:  869:      if ((state->discardCount[nextPlayer] + state->deckCount[nextPlayer]) <= 1){
branch  0 never executed
branch  1 never executed
    #####:  870:      if (state->deckCount[nextPlayer] > 0){
branch  0 never executed
branch  1 never executed
    #####:  871:        tributeRevealedCards[0] = state->deck[nextPlayer][state->deckCount[nextPlayer]-1];
    #####:  872:        state->deckCount[nextPlayer]--;
        -:  873:      }
    #####:  874:      else if (state->discardCount[nextPlayer] > 0){
branch  0 never executed
branch  1 never executed
    #####:  875:        tributeRevealedCards[0] = state->discard[nextPlayer][state->discardCount[nextPlayer]-1];
    #####:  876:        state->discardCount[nextPlayer]--;
        -:  877:      }
        -:  878:      else{
        -:  879:        //No Card to Reveal
        -:  880:        if (DEBUG){
        -:  881:          printf("No cards to reveal\n");
        -:  882:        }
        -:  883:      }
        -:  884:          }
        -:  885:          
        -:  886:          else{
    #####:  887:      if (state->deckCount[nextPlayer] == 0){
branch  0 never executed
branch  1 never executed
    #####:  888:        for (i = 0; i < state->discardCount[nextPlayer]; i++){
branch  0 never executed
branch  1 never executed
    #####:  889:          state->deck[nextPlayer][i] = state->discard[nextPlayer][i];//Move to deck
    #####:  890:          state->deckCount[nextPlayer]++;
    #####:  891:          state->discard[nextPlayer][i] = -1;
    #####:  892:          state->discardCount[nextPlayer]--;
        -:  893:        }
        -:  894:              
    #####:  895:        shuffle(nextPlayer,state);//Shuffle the deck
call    0 never executed
        -:  896:      } 
    #####:  897:      tributeRevealedCards[0] = state->deck[nextPlayer][state->deckCount[nextPlayer]-1];
    #####:  898:      state->deck[nextPlayer][state->deckCount[nextPlayer]--] = -1;
    #####:  899:      state->deckCount[nextPlayer]--;
    #####:  900:      tributeRevealedCards[1] = state->deck[nextPlayer][state->deckCount[nextPlayer]-1];
    #####:  901:      state->deck[nextPlayer][state->deckCount[nextPlayer]--] = -1;
    #####:  902:      state->deckCount[nextPlayer]--;
        -:  903:          }    
        -:  904:              
    #####:  905:          if (tributeRevealedCards[0] == tributeRevealedCards[1]){//If we have a duplicate card, just drop one 
branch  0 never executed
branch  1 never executed
    #####:  906:            state->playedCards[state->playedCardCount] = tributeRevealedCards[1];
    #####:  907:            state->playedCardCount++;
    #####:  908:            tributeRevealedCards[1] = -1;
        -:  909:          }
        -:  910:
    #####:  911:        for (i = 0; i <= 2; i ++){
branch  0 never executed
branch  1 never executed
    #####:  912:            if (tributeRevealedCards[i] == copper || tributeRevealedCards[i] == silver || tributeRevealedCards[i] == gold){//Treasure cards
branch  0 never executed
branch  1 never executed
branch  2 never executed
branch  3 never executed
branch  4 never executed
branch  5 never executed
    #####:  913:              state->coins += 2;
        -:  914:            }
        -:  915:                  
    #####:  916:            else if (tributeRevealedCards[i] == estate || tributeRevealedCards[i] == duchy || tributeRevealedCards[i] == province || tributeRevealedCards[i] == gardens || tributeRevealedCards[i] == great_hall){//Victory Card Found
branch  0 never executed
branch  1 never executed
branch  2 never executed
branch  3 never executed
branch  4 never executed
branch  5 never executed
branch  6 never executed
branch  7 never executed
branch  8 never executed
branch  9 never executed
    #####:  917:              drawCard(currentPlayer, state);
call    0 never executed
    #####:  918:              drawCard(currentPlayer, state);
call    0 never executed
        -:  919:            }
        -:  920:            else{//Action Card
    #####:  921:              state->numActions = state->numActions + 2;
        -:  922:            }
        -:  923:        }
        -:  924:	    
    #####:  925:      return 0;
        -:  926:		
        -:  927:    case ambassador:
    #####:  928:      j = 0;		//used to check if player has enough cards to discard
        -:  929:
    #####:  930:      if (choice2 > 2 || choice2 < 0)
branch  0 never executed
branch  1 never executed
branch  2 never executed
branch  3 never executed
        -:  931:      {
    #####:  932:        return -1;				
        -:  933:      }
        -:  934:
    #####:  935:      if (choice1 == handPos)
branch  0 never executed
branch  1 never executed
        -:  936:      {
    #####:  937:        return -1;
        -:  938:      }
        -:  939:
    #####:  940:      for (i = 0; i < state->handCount[currentPlayer]; i++)
branch  0 never executed
branch  1 never executed
        -:  941:      {
    #####:  942:        if (i != handPos && i == state->hand[currentPlayer][choice1] && i != choice1)
branch  0 never executed
branch  1 never executed
branch  2 never executed
branch  3 never executed
branch  4 never executed
branch  5 never executed
        -:  943:        {
    #####:  944:          j++;
        -:  945:        }
        -:  946:      }
    #####:  947:      if (j < choice2)
branch  0 never executed
branch  1 never executed
        -:  948:      {
    #####:  949:        return -1;				
        -:  950:      }
        -:  951:
        -:  952:          if (DEBUG) 
        -:  953:      printf("Player %d reveals card number: %d\n", currentPlayer, state->hand[currentPlayer][choice1]);
        -:  954:
        -:  955:      //increase supply count for choosen card by amount being discarded
    #####:  956:      state->supplyCount[state->hand[currentPlayer][choice1]] += choice2;
        -:  957:      
        -:  958:      //each other player gains a copy of revealed card
    #####:  959:      for (i = 0; i < state->numPlayers; i++)
branch  0 never executed
branch  1 never executed
        -:  960:      {
    #####:  961:        if (i != currentPlayer)
branch  0 never executed
branch  1 never executed
        -:  962:        {
    #####:  963:          gainCard(state->hand[currentPlayer][choice1], state, 0, i);
call    0 never executed
        -:  964:        }
        -:  965:      }
        -:  966:
        -:  967:      //discard played card from hand
    #####:  968:      discardCard(handPos, currentPlayer, state, 0);			
call    0 never executed
        -:  969:
        -:  970:      //trash copies of cards returned to supply
    #####:  971:      for (j = 0; j < choice2; j++)
branch  0 never executed
branch  1 never executed
        -:  972:      {
    #####:  973:        for (i = 0; i < state->handCount[currentPlayer]; i++)
branch  0 never executed
branch  1 never executed
        -:  974:        {
    #####:  975:          if (state->hand[currentPlayer][i] == state->hand[currentPlayer][choice1])
branch  0 never executed
branch  1 never executed
        -:  976:          {
    #####:  977:            discardCard(i, currentPlayer, state, 1);
call    0 never executed
    #####:  978:            break;
        -:  979:          }
        -:  980:        }
        -:  981:      }			
        -:  982:
    #####:  983:      return 0;
        -:  984:		
        -:  985:    case cutpurse:
    #####:  986:      updateCoins(currentPlayer, state, 2);
call    0 never executed
    #####:  987:      for (i = 0; i < state->numPlayers; i++)
branch  0 never executed
branch  1 never executed
        -:  988:      {
    #####:  989:        if (i != currentPlayer)
branch  0 never executed
branch  1 never executed
        -:  990:        {
    #####:  991:            for (j = 0; j < state->handCount[i]; j++)
branch  0 never executed
branch  1 never executed
        -:  992:            {
    #####:  993:              if (state->hand[i][j] == copper)
branch  0 never executed
branch  1 never executed
        -:  994:              {
    #####:  995:                discardCard(j, i, state, 0);
call    0 never executed
    #####:  996:                break;
        -:  997:              }
    #####:  998:              if (j == state->handCount[i])
branch  0 never executed
branch  1 never executed
        -:  999:              {
    #####: 1000:                for (k = 0; k < state->handCount[i]; k++)
branch  0 never executed
branch  1 never executed
        -: 1001:                {
        -: 1002:                  if (DEBUG)
        -: 1003:                    printf("Player %d reveals card number %d\n", i, state->hand[i][k]);
        -: 1004:                }	
    #####: 1005:                break;
        -: 1006:              }		
        -: 1007:            }     
        -: 1008:          }     
        -: 1009:      }				
        -: 1010:
        -: 1011:      //discard played card from hand
    #####: 1012:      discardCard(handPos, currentPlayer, state, 0);			
call    0 never executed
    #####: 1013:      return 0;
        -: 1014:		
        -: 1015:    case embargo: 
        -: 1016:      //+2 Coins
    #####: 1017:      state->coins = state->coins + 2;
        -: 1018:			
        -: 1019:      //see if selected pile is in play
    #####: 1020:      if ( state->supplyCount[choice1] == -1 )
branch  0 never executed
branch  1 never executed
        -: 1021:      {
    #####: 1022:        return -1;
        -: 1023:      }
        -: 1024:			
        -: 1025:      //add embargo token to selected supply pile
    #####: 1026:      state->embargoTokens[choice1]++;
        -: 1027:			
        -: 1028:      //trash card
    #####: 1029:      discardCard(handPos, currentPlayer, state, 1);		
call    0 never executed
    #####: 1030:      return 0;
        -: 1031:		
        -: 1032:    case outpost:
        -: 1033:      //set outpost flag
    #####: 1034:      state->outpostPlayed++;
        -: 1035:			
        -: 1036:      //discard card
    #####: 1037:      discardCard(handPos, currentPlayer, state, 0);
call    0 never executed
    #####: 1038:      return 0;
        -: 1039:		
        -: 1040:    case salvager:
        -: 1041:      //+1 buy
    #####: 1042:      state->numBuys++;
        -: 1043:			
    #####: 1044:      if (choice1)
branch  0 never executed
branch  1 never executed
        -: 1045:      {
        -: 1046:        //gain coins equal to trashed card
    #####: 1047:        state->coins = state->coins + getCost( handCard(choice1, state) );
call    0 never executed
call    1 never executed
        -: 1048:        //trash card
    #####: 1049:        discardCard(choice1, currentPlayer, state, 1);	
call    0 never executed
        -: 1050:      }
        -: 1051:			
        -: 1052:      //discard card
    #####: 1053:      discardCard(handPos, currentPlayer, state, 0);
call    0 never executed
    #####: 1054:      return 0;
        -: 1055:		
        -: 1056:    case sea_hag:
    #####: 1057:      for (i = 0; i < state->numPlayers; i++){
branch  0 never executed
branch  1 never executed
    #####: 1058:        if (i != currentPlayer){
branch  0 never executed
branch  1 never executed
    #####: 1059:          state->discard[i][state->discardCount[i]] = state->deck[i][state->deckCount[i]--];			    state->deckCount[i]--;
    #####: 1060:          state->discardCount[i]++;
    #####: 1061:          state->deck[i][state->deckCount[i]--] = curse;//Top card now a curse
        -: 1062:        }
        -: 1063:      }
    #####: 1064:      return 0;
        -: 1065:		
        -: 1066:    case treasure_map:
        -: 1067:      //search hand for another treasure_map
    #####: 1068:      index = -1;
    #####: 1069:      for (i = 0; i < state->handCount[currentPlayer]; i++)
branch  0 never executed
branch  1 never executed
        -: 1070:      {
    #####: 1071:        if (state->hand[currentPlayer][i] == treasure_map && i != handPos)
branch  0 never executed
branch  1 never executed
branch  2 never executed
branch  3 never executed
        -: 1072:          {
    #####: 1073:            index = i;
    #####: 1074:            break;
        -: 1075:          }
        -: 1076:      }
    #####: 1077:      if (index > -1)
branch  0 never executed
branch  1 never executed
        -: 1078:      {
        -: 1079:        //trash both treasure cards
    #####: 1080:        discardCard(handPos, currentPlayer, state, 1);
call    0 never executed
    #####: 1081:        discardCard(index, currentPlayer, state, 1);
call    0 never executed
        -: 1082:
        -: 1083:        //gain 4 Gold cards
    #####: 1084:        for (i = 0; i < 4; i++)
branch  0 never executed
branch  1 never executed
        -: 1085:          {
    #####: 1086:            gainCard(gold, state, 1, currentPlayer);
call    0 never executed
        -: 1087:          }
        -: 1088:            
        -: 1089:        //return success
    #####: 1090:        return 1;
        -: 1091:      }
        -: 1092:			
        -: 1093:      //no second treasure_map found in hand
    #####: 1094:      return -1;
        -: 1095:    }
        -: 1096:	
    #####: 1097:  return -1;
        -: 1098:}
        -: 1099:
function discardCard called 2 returned 100% blocks executed 78%
        2: 1100:int discardCard(int handPos, int currentPlayer, struct gameState *state, int trashFlag)
        -: 1101:{	
        -: 1102:  //if card is not trashed, added to Played pile 
        2: 1103:  if (trashFlag < 1)
branch  0 taken 100% (fallthrough)
branch  1 taken 0%
        -: 1104:  {
        -: 1105:    //add card to played pile
        2: 1106:    state->playedCards[state->playedCardCount] = state->hand[currentPlayer][handPos]; 
        2: 1107:    state->playedCardCount++;
        -: 1108:  }
        -: 1109:	
        -: 1110:  //set played card to -1
        2: 1111:  state->hand[currentPlayer][handPos] = -1;
        -: 1112:	
        -: 1113:  //remove card from player's hand
        2: 1114:  if ( handPos == (state->handCount[currentPlayer] - 1) ) 	//last card in hand array is played
branch  0 taken 0% (fallthrough)
branch  1 taken 100%
        -: 1115:    {
        -: 1116:      //reduce number of cards in hand
    #####: 1117:      state->handCount[currentPlayer]--;
        -: 1118:    }
        2: 1119:  else if ( state->handCount[currentPlayer] == 1 ) //only one card in hand
branch  0 taken 0% (fallthrough)
branch  1 taken 100%
        -: 1120:    {
        -: 1121:      //reduce number of cards in hand
    #####: 1122:      state->handCount[currentPlayer]--;
        -: 1123:    }
        -: 1124:  else 	
        -: 1125:    {
        -: 1126:      //replace discarded card with last card in hand
        2: 1127:      state->hand[currentPlayer][handPos] = state->hand[currentPlayer][ (state->handCount[currentPlayer] - 1)];
        -: 1128:      //set last card to -1
        2: 1129:      state->hand[currentPlayer][state->handCount[currentPlayer] - 1] = -1;
        -: 1130:      //reduce number of cards in hand
        2: 1131:      state->handCount[currentPlayer]--;
        -: 1132:    }
        -: 1133:	
        2: 1134:  return 0;
        -: 1135:}
        -: 1136:
function gainCard called 2 returned 100% blocks executed 70%
        2: 1137:int gainCard(int supplyPos, struct gameState *state, int toFlag, int player)
        -: 1138:{
        -: 1139:  //Note: supplyPos is enum of choosen card
        -: 1140:	
        -: 1141:  //check if supply pile is empty (0) or card is not used in game (-1)
        2: 1142:  if ( supplyCount(supplyPos, state) < 1 )
call    0 returned 100%
branch  1 taken 0% (fallthrough)
branch  2 taken 100%
        -: 1143:    {
    #####: 1144:      return -1;
        -: 1145:    }
        -: 1146:	
        -: 1147:  //added card for [whoseTurn] current player:
        -: 1148:  // toFlag = 0 : add to discard
        -: 1149:  // toFlag = 1 : add to deck
        -: 1150:  // toFlag = 2 : add to hand
        -: 1151:
        2: 1152:  if (toFlag == 1)
branch  0 taken 0% (fallthrough)
branch  1 taken 100%
        -: 1153:    {
    #####: 1154:      state->deck[ player ][ state->deckCount[player] ] = supplyPos;
    #####: 1155:      state->deckCount[player]++;
        -: 1156:    }
        2: 1157:  else if (toFlag == 2)
branch  0 taken 0% (fallthrough)
branch  1 taken 100%
        -: 1158:    {
    #####: 1159:      state->hand[ player ][ state->handCount[player] ] = supplyPos;
    #####: 1160:      state->handCount[player]++;
        -: 1161:    }
        -: 1162:  else
        -: 1163:    {
        2: 1164:      state->discard[player][ state->discardCount[player] ] = supplyPos;
        2: 1165:      state->discardCount[player]++;
        -: 1166:    }
        -: 1167:	
        -: 1168:  //decrease number in supply pile
        2: 1169:  state->supplyCount[supplyPos]--;
        -: 1170:	 
        2: 1171:  return 0;
        -: 1172:}
        -: 1173:
function updateCoins called 4 returned 100% blocks executed 82%
        4: 1174:int updateCoins(int player, struct gameState *state, int bonus)
        -: 1175:{
        -: 1176:  int i;
        -: 1177:	
        -: 1178:  //reset coin count
        4: 1179:  state->coins = 0;
        -: 1180:
        -: 1181:  //add coins for each Treasure card in player's hand
       24: 1182:  for (i = 0; i < state->handCount[player]; i++)
branch  0 taken 83%
branch  1 taken 17% (fallthrough)
        -: 1183:    {
       20: 1184:      if (state->hand[player][i] == copper)
branch  0 taken 80% (fallthrough)
branch  1 taken 20%
        -: 1185:	{
       16: 1186:	  state->coins += 1;
        -: 1187:	}
        4: 1188:      else if (state->hand[player][i] == silver)
branch  0 taken 0% (fallthrough)
branch  1 taken 100%
        -: 1189:	{
    #####: 1190:	  state->coins += 2;
        -: 1191:	}
        4: 1192:      else if (state->hand[player][i] == gold)
branch  0 taken 0% (fallthrough)
branch  1 taken 100%
        -: 1193:	{
    #####: 1194:	  state->coins += 3;
        -: 1195:	}	
        -: 1196:    }	
        -: 1197:  //add bonus
        4: 1198:  state->coins += bonus;
        -: 1199:
        4: 1200:  return 0;
        -: 1201:}
        -: 1202:
function playAdventurer called 1 returned 100% blocks executed 100%
        1: 1203:void playAdventurer(struct gameState *state, int drawntreasure, int z, int currentPlayer, int cardDrawn, int *temphand){
        -: 1204:  //while(drawntreasure<2){   //Original line
        8: 1205:  while(drawntreasure<4){   //Bug: allows adventurer to draw more treasure cards than intended, artem 181013
branch  0 taken 86%
branch  1 taken 14% (fallthrough)
        6: 1206:    if (state->deckCount[currentPlayer] <1){//if the deck is empty we need to shuffle discard and add to deck
branch  0 taken 17% (fallthrough)
branch  1 taken 83%
        1: 1207:      shuffle(currentPlayer, state);
call    0 returned 100%
        -: 1208:    }
        6: 1209:    drawCard(currentPlayer, state);
call    0 returned 100%
        6: 1210:    cardDrawn = state->hand[currentPlayer][state->handCount[currentPlayer]-1];//top card of hand is most recently drawn card.
        6: 1211:    if (cardDrawn == copper || cardDrawn == silver || cardDrawn == gold){
branch  0 taken 33% (fallthrough)
branch  1 taken 67%
branch  2 taken 100% (fallthrough)
branch  3 taken 0%
branch  4 taken 0% (fallthrough)
branch  5 taken 100%
        4: 1212:      drawntreasure++; 
        -: 1213:    }
        -: 1214:    else{
        2: 1215:      temphand[z]=cardDrawn;
        2: 1216:      state->handCount[currentPlayer]--; //this should just remove the top card (the most recently drawn one).
        2: 1217:      z++;
        -: 1218:    }
        -: 1219:  }
        4: 1220:  while(z-1>=0){
branch  0 taken 67%
branch  1 taken 33% (fallthrough)
        2: 1221:    state->discard[currentPlayer][state->discardCount[currentPlayer]++]=temphand[z-1]; // discard all cards in play that have been drawn
        2: 1222:    z=z-1;
        -: 1223:  }
        1: 1224:}
        -: 1225:
function playCouncilRoom called 0 returned 0% blocks executed 0%
    #####: 1226:void playCouncilRoom(struct gameState *state, int handPos, int currentPlayer){
        -: 1227:  //Used variables: state, handPos, currentPlayer
        -: 1228:  int i;
        -: 1229:  //+4 Cards
    #####: 1230:  for (i = 0; i < 4; i++)
branch  0 never executed
branch  1 never executed
        -: 1231:	{
    #####: 1232:	  drawCard(currentPlayer, state);
call    0 never executed
        -: 1233:	}
        -: 1234:			
        -: 1235:  //+1 Buy
    #####: 1236:  state->numBuys++; 
        -: 1237:  //Each other player draws a card
    #####: 1238:  for (i = 0; i < state->numPlayers; i++)
branch  0 never executed
branch  1 never executed
        -: 1239:	{
    #####: 1240:	  if ( i != currentPlayer )
branch  0 never executed
branch  1 never executed
        -: 1241:    {
    #####: 1242:      drawCard(i, state);
call    0 never executed
        -: 1243:    }
        -: 1244:	}		
        -: 1245:  //put played card in played card pile
    #####: 1246:  discardCard(handPos, currentPlayer, state, 0);
call    0 never executed
    #####: 1247:}
        -: 1248:
function playFeast called 0 returned 0% blocks executed 0%
    #####: 1249:void playFeast(struct gameState *state, int choice1, int *temphand, int currentPlayer){
        -: 1250:  //Used variables: state, choice1, temphand, currentPlayer, 
        -: 1251:  int i, x;
        -: 1252:  //gain card with cost up to 5
        -: 1253:  //Backup hand
    #####: 1254:  for (i = 0; i <= state->handCount[currentPlayer]; i++){
branch  0 never executed
branch  1 never executed
    #####: 1255:    temphand[i] = state->hand[currentPlayer][i];//Backup card
    #####: 1256:    state->hand[currentPlayer][i] = -1;//Set to nothing
        -: 1257:  }
        -: 1258:  //Backup hand
        -: 1259:
        -: 1260:  //Update Coins for Buy
        -: 1261:  //updateCoins(currentPlayer, state, 5); //Bug: commented out, artem 181013
    #####: 1262:  x = 1;//Condition to loop on
    #####: 1263:  while( x == 1) {//Buy one card
branch  0 never executed
branch  1 never executed
    #####: 1264:    if (supplyCount(choice1, state) <= 0){
call    0 never executed
branch  1 never executed
branch  2 never executed
        -: 1265:      if (DEBUG){
        -: 1266:        printf("None of that card left, sorry!\n");
        -: 1267:      }
        -: 1268:      if (DEBUG){
        -: 1269:        printf("Cards Left: %d\n", supplyCount(choice1, state));
        -: 1270:      }
        -: 1271:    }
    #####: 1272:    else if (state->coins < getCost(choice1)){
call    0 never executed
branch  1 never executed
branch  2 never executed
    #####: 1273:      printf("That card is too expensive!\n");
call    0 never executed
        -: 1274:
        -: 1275:      if (DEBUG){
        -: 1276:        printf("Coins: %d < %d\n", state->coins, getCost(choice1));
        -: 1277:      }
        -: 1278:    }
        -: 1279:    else{
        -: 1280:      if (DEBUG){
        -: 1281:        printf("Deck Count: %d\n", state->handCount[currentPlayer] + state->deckCount[currentPlayer] + state->discardCount[currentPlayer]);
        -: 1282:      }
    #####: 1283:      gainCard(choice1, state, 0, currentPlayer);//Gain the card
call    0 never executed
    #####: 1284:      x = 0;//No more buying cards
        -: 1285:
        -: 1286:      if (DEBUG){
        -: 1287:        printf("Deck Count: %d\n", state->handCount[currentPlayer] + state->deckCount[currentPlayer] + state->discardCount[currentPlayer]);
        -: 1288:      }
        -: 1289:    }
        -: 1290:  }     
        -: 1291:
        -: 1292:  //Reset Hand
    #####: 1293:  for (i = 0; i <= state->handCount[currentPlayer]; i++){
branch  0 never executed
branch  1 never executed
    #####: 1294:    state->hand[currentPlayer][i] = temphand[i];
    #####: 1295:    temphand[i] = -1;
        -: 1296:  }
        -: 1297:  //Reset Hand
    #####: 1298:}
        -: 1299:
function playSmithy called 1 returned 100% blocks executed 100%
        1: 1300:void playSmithy(struct gameState *state, int handPos, int currentPlayer){
        -: 1301:  // Variables used:  currentPlayer, handPos, state
        -: 1302:  //+3 Cards
        -: 1303:  int i;
        4: 1304:  for (i = 0; i < 3; i++){
branch  0 taken 75%
branch  1 taken 25% (fallthrough)
        3: 1305:	  drawCard(currentPlayer, state);
call    0 returned 100%
        -: 1306:	}		
        -: 1307:  //discard card from hand
        -: 1308:  //discardCard(handPos, currentPlayer, state, 0); //Bug: discardCard line commented out, artem 181013
        1: 1309:}
        -: 1310:
function playSteward called 0 returned 0% blocks executed 0%
    #####: 1311:void playSteward(struct gameState *state, int choice1, int choice2, int choice3, int handPos, int currentPlayer){
        -: 1312:    // Variables used:  state, choice1, choice2, choice3, handPos, currentPlayer)
    #####: 1313:  if (choice1 == 1)
branch  0 never executed
branch  1 never executed
        -: 1314:	{
        -: 1315:	  //+2 cards
    #####: 1316:	  drawCard(currentPlayer, state);
call    0 never executed
    #####: 1317:	  drawCard(currentPlayer, state);
call    0 never executed
        -: 1318:	}
    #####: 1319:  else if (choice1 == 2)
branch  0 never executed
branch  1 never executed
        -: 1320:	{
        -: 1321:	  //+2 coins
        -: 1322:	  //state->coins = state->coins + 2; //original line
    #####: 1323:    state->coins = state->coins + 20; // Bug/change: extra coins, artem 181013
        -: 1324:	}
        -: 1325:  else
        -: 1326:	{
        -: 1327:	  //trash 2 cards in hand
    #####: 1328:	  discardCard(choice2, currentPlayer, state, 1);
call    0 never executed
    #####: 1329:	  discardCard(choice3, currentPlayer, state, 1);
call    0 never executed
        -: 1330:	}		
        -: 1331:  //discard card from hand
    #####: 1332:  discardCard(handPos, currentPlayer, state, 0);
call    0 never executed
    #####: 1333:}
        -: 1334:
        -: 1335://end of dominion.c
        -: 1336:
