        -:    0:Source:dominion.c
        -:    0:Graph:dominion.gcno
        -:    0:Data:dominion.gcda
        -:    0:Runs:22
        -:    0:Programs:22
        -:    1:#include "dominion.h"
        -:    2:#include "dominion_helpers.h"
        -:    3:#include "rngs.h"
        -:    4:#include <stdio.h>
        -:    5:#include <math.h>
        -:    6:#include <stdlib.h>
        -:    7:
function compare called 50535 returned 100% blocks executed 100%
    50535:    8:int compare(const void* a, const void* b) {
    50535:    9:  if (*(int*)a > *(int*)b)
branch  0 taken 20228 (fallthrough)
branch  1 taken 30307
    20228:   10:    return 1;
    30307:   11:  if (*(int*)a < *(int*)b)
branch  0 taken 20069 (fallthrough)
branch  1 taken 10238
    20069:   12:    return -1;
    10238:   13:  return 0;
        -:   14:}
        -:   15:
function newGame called 0 returned 0% blocks executed 0%
    #####:   16:struct gameState* newGame() {
    #####:   17:  struct gameState* g = malloc(sizeof(struct gameState));
    #####:   18:  return g;
        -:   19:}
        -:   20:
function kingdomCards called 0 returned 0% blocks executed 0%
    #####:   21:int* kingdomCards(int k1, int k2, int k3, int k4, int k5, int k6, int k7,
        -:   22:		  int k8, int k9, int k10) {
    #####:   23:  int* k = malloc(10 * sizeof(int));
    #####:   24:  k[0] = k1;
    #####:   25:  k[1] = k2;
    #####:   26:  k[2] = k3;
    #####:   27:  k[3] = k4;
    #####:   28:  k[4] = k5;
    #####:   29:  k[5] = k6;
    #####:   30:  k[6] = k7;
    #####:   31:  k[7] = k8;
    #####:   32:  k[8] = k9;
    #####:   33:  k[9] = k10;
    #####:   34:  return k;
        -:   35:}
        -:   36:
function initializeGame called 16 returned 100% blocks executed 83%
       16:   37:int initializeGame(int numPlayers, int kingdomCards[10], int randomSeed,
        -:   38:		   struct gameState *state) {
        -:   39:
        -:   40:  int i;
        -:   41:  int j;
        -:   42:  int it;			
        -:   43:  //set up random number generator
       16:   44:  SelectStream(1);
call    0 returned 16
       16:   45:  PutSeed((long)randomSeed);
call    0 returned 16
        -:   46:  
        -:   47:  //check number of players
       16:   48:  if (numPlayers > MAX_PLAYERS || numPlayers < 2)
branch  0 taken 16 (fallthrough)
branch  1 taken 0
branch  2 taken 0 (fallthrough)
branch  3 taken 16
        -:   49:    {
    #####:   50:      return -1;
        -:   51:    }
        -:   52:
        -:   53:  //set number of players
       16:   54:  state->numPlayers = numPlayers;
        -:   55:
        -:   56:  //check selected kingdom cards are different
      176:   57:  for (i = 0; i < 10; i++)
branch  0 taken 160
branch  1 taken 16 (fallthrough)
        -:   58:    {
     1760:   59:      for (j = 0; j < 10; j++)
branch  0 taken 1600
branch  1 taken 160 (fallthrough)
        -:   60:        {
     1600:   61:	  if (j != i && kingdomCards[j] == kingdomCards[i])
branch  0 taken 1440 (fallthrough)
branch  1 taken 160
branch  2 taken 0 (fallthrough)
branch  3 taken 1440
        -:   62:	    {
    #####:   63:	      return -1;
        -:   64:	    }
        -:   65:        }
        -:   66:    }
        -:   67:
        -:   68:
        -:   69:  //initialize supply
        -:   70:  ///////////////////////////////
        -:   71:
        -:   72:  //set number of Curse cards
       16:   73:  if (numPlayers == 2)
branch  0 taken 16 (fallthrough)
branch  1 taken 0
        -:   74:    {
       16:   75:      state->supplyCount[curse] = 10;
        -:   76:    }
    #####:   77:  else if (numPlayers == 3)
branch  0 never executed
branch  1 never executed
        -:   78:    {
    #####:   79:      state->supplyCount[curse] = 20;
        -:   80:    }
        -:   81:  else
        -:   82:    {
    #####:   83:      state->supplyCount[curse] = 30;
        -:   84:    }
        -:   85:
        -:   86:  //set number of Victory cards
       16:   87:  if (numPlayers == 2)
branch  0 taken 16 (fallthrough)
branch  1 taken 0
        -:   88:    {
       16:   89:      state->supplyCount[estate] = 8;
       16:   90:      state->supplyCount[duchy] = 8;
       16:   91:      state->supplyCount[province] = 8;
        -:   92:    }
        -:   93:  else
        -:   94:    {
    #####:   95:      state->supplyCount[estate] = 12;
    #####:   96:      state->supplyCount[duchy] = 12;
    #####:   97:      state->supplyCount[province] = 12;
        -:   98:    }
        -:   99:
        -:  100:  //set number of Treasure cards
       16:  101:  state->supplyCount[copper] = 60 - (7 * numPlayers);
       16:  102:  state->supplyCount[silver] = 40;
       16:  103:  state->supplyCount[gold] = 30;
        -:  104:
        -:  105:  //set number of Kingdom cards
      336:  106:  for (i = adventurer; i <= treasure_map; i++)       	//loop all cards
branch  0 taken 320
branch  1 taken 16 (fallthrough)
        -:  107:    {
     2640:  108:      for (j = 0; j < 10; j++)           		//loop chosen cards
branch  0 taken 2480
branch  1 taken 160 (fallthrough)
        -:  109:	{
     2480:  110:	  if (kingdomCards[j] == i)
branch  0 taken 160 (fallthrough)
branch  1 taken 2320
        -:  111:	    {
        -:  112:	      //check if card is a 'Victory' Kingdom card
      160:  113:	      if (kingdomCards[j] == great_hall || kingdomCards[j] == gardens)
branch  0 taken 160 (fallthrough)
branch  1 taken 0
branch  2 taken 0 (fallthrough)
branch  3 taken 160
        -:  114:		{
    #####:  115:		  if (numPlayers == 2){ 
branch  0 never executed
branch  1 never executed
    #####:  116:		    state->supplyCount[i] = 8; 
        -:  117:		  }
    #####:  118:		  else{ state->supplyCount[i] = 12; }
        -:  119:		}
        -:  120:	      else
        -:  121:		{
      160:  122:		  state->supplyCount[i] = 10;
        -:  123:		}
      160:  124:	      break;
        -:  125:	    }
        -:  126:	  else    //card is not in the set choosen for the game
        -:  127:	    {
     2320:  128:	      state->supplyCount[i] = -1;
        -:  129:	    }
        -:  130:	}
        -:  131:
        -:  132:    }
        -:  133:
        -:  134:  ////////////////////////
        -:  135:  //supply intilization complete
        -:  136:
        -:  137:  //set player decks
       48:  138:  for (i = 0; i < numPlayers; i++)
branch  0 taken 32
branch  1 taken 16 (fallthrough)
        -:  139:    {
       32:  140:      state->deckCount[i] = 0;
      128:  141:      for (j = 0; j < 3; j++)
branch  0 taken 96
branch  1 taken 32 (fallthrough)
        -:  142:	{
       96:  143:	  state->deck[i][j] = estate;
       96:  144:	  state->deckCount[i]++;
        -:  145:	}
      256:  146:      for (j = 3; j < 10; j++)
branch  0 taken 224
branch  1 taken 32 (fallthrough)
        -:  147:	{
      224:  148:	  state->deck[i][j] = copper;
      224:  149:	  state->deckCount[i]++;		
        -:  150:	}
        -:  151:    }
        -:  152:
        -:  153:  //shuffle player decks
       48:  154:  for (i = 0; i < numPlayers; i++)
branch  0 taken 32
branch  1 taken 16 (fallthrough)
        -:  155:    {
       32:  156:      if ( shuffle(i, state) < 0 )
call    0 returned 32
branch  1 taken 0 (fallthrough)
branch  2 taken 32
        -:  157:	{
    #####:  158:	  return -1;
        -:  159:	}
        -:  160:    }
        -:  161:
        -:  162:  //draw player hands
       48:  163:  for (i = 0; i < numPlayers; i++)
branch  0 taken 32
branch  1 taken 16 (fallthrough)
        -:  164:    {  
        -:  165:      //initialize hand size to zero
       32:  166:      state->handCount[i] = 0;
       32:  167:      state->discardCount[i] = 0;
        -:  168:      //draw 5 cards
        -:  169:      // for (j = 0; j < 5; j++)
        -:  170:      //	{
        -:  171:      //	  drawCard(i, state);
        -:  172:      //	}
        -:  173:    }
        -:  174:  
        -:  175:  //set embargo tokens to 0 for all supply piles
      448:  176:  for (i = 0; i <= treasure_map; i++)
branch  0 taken 432
branch  1 taken 16 (fallthrough)
        -:  177:    {
      432:  178:      state->embargoTokens[i] = 0;
        -:  179:    }
        -:  180:
        -:  181:  //initialize first player's turn
       16:  182:  state->outpostPlayed = 0;
       16:  183:  state->phase = 0;
       16:  184:  state->numActions = 1;
       16:  185:  state->numBuys = 1;
       16:  186:  state->playedCardCount = 0;
       16:  187:  state->whoseTurn = 0;
       16:  188:  state->handCount[state->whoseTurn] = 0;
        -:  189:  //int it; move to top
        -:  190:
        -:  191:  //Moved draw cards to here, only drawing at the start of a turn
       96:  192:  for (it = 0; it < 5; it++){
branch  0 taken 80
branch  1 taken 16 (fallthrough)
       80:  193:    drawCard(state->whoseTurn, state);
call    0 returned 80
        -:  194:  }
        -:  195:
       16:  196:  updateCoins(state->whoseTurn, state, 0);
call    0 returned 16
        -:  197:
       16:  198:  return 0;
        -:  199:}
        -:  200:
function shuffle called 1977 returned 100% blocks executed 100%
     1977:  201:int shuffle(int player, struct gameState *state) {
        -:  202: 
        -:  203:
        -:  204:  int newDeck[MAX_DECK];
     1977:  205:  int newDeckPos = 0;
        -:  206:  int card;
        -:  207:  int i;
        -:  208:
     1977:  209:  if (state->deckCount[player] < 1)
branch  0 taken 102 (fallthrough)
branch  1 taken 1875
      102:  210:    return -1;
     1875:  211:  qsort ((void*)(state->deck[player]), state->deckCount[player], sizeof(int), compare); 
call    0 returned 1875
        -:  212:  /* SORT CARDS IN DECK TO ENSURE DETERMINISM! */
        -:  213:
    25092:  214:  while (state->deckCount[player] > 0) {
branch  0 taken 21342
branch  1 taken 1875 (fallthrough)
    21342:  215:    card = floor(Random() * state->deckCount[player]);
call    0 returned 21342
    21342:  216:    newDeck[newDeckPos] = state->deck[player][card];
    21342:  217:    newDeckPos++;
    89710:  218:    for (i = card; i < state->deckCount[player]-1; i++) {
branch  0 taken 68368
branch  1 taken 21342 (fallthrough)
    68368:  219:      state->deck[player][i] = state->deck[player][i+1];
        -:  220:    }
    21342:  221:    state->deckCount[player]--;
        -:  222:  }
    23217:  223:  for (i = 0; i < newDeckPos; i++) {
branch  0 taken 21342
branch  1 taken 1875 (fallthrough)
    21342:  224:    state->deck[player][i] = newDeck[i];
    21342:  225:    state->deckCount[player]++;
        -:  226:  }
        -:  227:
     1875:  228:  return 0;
        -:  229:}
        -:  230:
function playCard called 0 returned 0% blocks executed 0%
    #####:  231:int playCard(int handPos, int choice1, int choice2, int choice3, struct gameState *state) 
        -:  232:{	
        -:  233:  int card;
    #####:  234:  int coin_bonus = 0; 		//tracks coins gain from actions
        -:  235:
        -:  236:  //check if it is the right phase
    #####:  237:  if (state->phase != 0)
branch  0 never executed
branch  1 never executed
        -:  238:    {
    #####:  239:      return -1;
        -:  240:    }
        -:  241:	
        -:  242:  //check if player has enough actions
    #####:  243:  if ( state->numActions < 1 )
branch  0 never executed
branch  1 never executed
        -:  244:    {
    #####:  245:      return -1;
        -:  246:    }
        -:  247:	
        -:  248:  //get card played
    #####:  249:  card = handCard(handPos, state);
call    0 never executed
        -:  250:	
        -:  251:  //check if selected card is an action
    #####:  252:  if ( card < adventurer || card > treasure_map )
branch  0 never executed
branch  1 never executed
branch  2 never executed
branch  3 never executed
        -:  253:    {
    #####:  254:      return -1;
        -:  255:    }
        -:  256:	
        -:  257:  //play card
    #####:  258:  if ( cardEffect(card, choice1, choice2, choice3, state, handPos, &coin_bonus) < 0 )
call    0 never executed
branch  1 never executed
branch  2 never executed
        -:  259:    {
    #####:  260:      return -1;
        -:  261:    }
        -:  262:	
        -:  263:  //reduce number of actions
    #####:  264:  state->numActions--;
        -:  265:
        -:  266:  //update coins (Treasure cards may be added with card draws)
    #####:  267:  updateCoins(state->whoseTurn, state, coin_bonus);
call    0 never executed
        -:  268:	
    #####:  269:  return 0;
        -:  270:}
        -:  271:
function buyCard called 8 returned 100% blocks executed 100%
        8:  272:int buyCard(int supplyPos, struct gameState *state) {
        -:  273:  int who;
        -:  274:  if (DEBUG){
        -:  275:    printf("Entering buyCard...\n");
        -:  276:  }
        -:  277:
        -:  278:  // I don't know what to do about the phase thing.
        -:  279:
        8:  280:  who = state->whoseTurn;
        -:  281:
        8:  282:  if (state->numBuys < 1){
branch  0 taken 2 (fallthrough)
branch  1 taken 6
        -:  283:    if (DEBUG)
        -:  284:      printf("You do not have any buys left\n");
        2:  285:    return -1;
        6:  286:  } else if (supplyCount(supplyPos, state) <1){
call    0 returned 6
branch  1 taken 2 (fallthrough)
branch  2 taken 4
        -:  287:    if (DEBUG)
        -:  288:      printf("There are not any of that type of card left\n");
        2:  289:    return -1;
        4:  290:  } else if (state->coins < getCost(supplyPos)){
call    0 returned 4
branch  1 taken 2 (fallthrough)
branch  2 taken 2
        -:  291:    if (DEBUG) 
        -:  292:      printf("You do not have enough money to buy that. You have %d coins.\n", state->coins);
        2:  293:    return -1;
        -:  294:  } else {
        2:  295:    state->phase=1;
        -:  296:    //state->supplyCount[supplyPos]--;
        2:  297:    gainCard(supplyPos, state, 0, who); //card goes in discard, this might be wrong.. (2 means goes into hand, 0 goes into discard)
call    0 returned 2
        -:  298:  
        2:  299:    state->coins = (state->coins) - (getCost(supplyPos));
call    0 returned 2
        2:  300:    state->numBuys--;
        -:  301:    if (DEBUG)
        -:  302:      printf("You bought card number %d for %d coins. You now have %d buys and %d coins.\n", supplyPos, getCost(supplyPos), state->numBuys, state->coins);
        -:  303:  }
        -:  304:
        -:  305:  //state->discard[who][state->discardCount[who]] = supplyPos;
        -:  306:  //state->discardCount[who]++;
        -:  307:    
        2:  308:  return 0;
        -:  309:}
        -:  310:
function numHandCards called 0 returned 0% blocks executed 0%
    #####:  311:int numHandCards(struct gameState *state) {
    #####:  312:  return state->handCount[ whoseTurn(state) ];
call    0 never executed
        -:  313:}
        -:  314:
function handCard called 143 returned 100% blocks executed 100%
      143:  315:int handCard(int handPos, struct gameState *state) {
      143:  316:  int currentPlayer = whoseTurn(state);
call    0 returned 143
      143:  317:  return state->hand[currentPlayer][handPos];
        -:  318:}
        -:  319:
function supplyCount called 8 returned 100% blocks executed 100%
        8:  320:int supplyCount(int card, struct gameState *state) {
        8:  321:  return state->supplyCount[card];
        -:  322:}
        -:  323:
function fullDeckCount called 0 returned 0% blocks executed 0%
    #####:  324:int fullDeckCount(int player, int card, struct gameState *state) {
        -:  325:  int i;
    #####:  326:  int count = 0;
        -:  327:
    #####:  328:  for (i = 0; i < state->deckCount[player]; i++)
branch  0 never executed
branch  1 never executed
        -:  329:    {
    #####:  330:      if (state->deck[player][i] == card) count++;
branch  0 never executed
branch  1 never executed
        -:  331:    }
        -:  332:
    #####:  333:  for (i = 0; i < state->handCount[player]; i++)
branch  0 never executed
branch  1 never executed
        -:  334:    {
    #####:  335:      if (state->hand[player][i] == card) count++;
branch  0 never executed
branch  1 never executed
        -:  336:    }
        -:  337:
    #####:  338:  for (i = 0; i < state->discardCount[player]; i++)
branch  0 never executed
branch  1 never executed
        -:  339:    {
    #####:  340:      if (state->discard[player][i] == card) count++;
branch  0 never executed
branch  1 never executed
        -:  341:    }
        -:  342:
    #####:  343:  return count;
        -:  344:}
        -:  345:
function whoseTurn called 751 returned 100% blocks executed 100%
      751:  346:int whoseTurn(struct gameState *state) {
      751:  347:  return state->whoseTurn;
        -:  348:}
        -:  349:
function endTurn called 0 returned 0% blocks executed 0%
    #####:  350:int endTurn(struct gameState *state) {
        -:  351:  int k;
        -:  352:  int i;
    #####:  353:  int currentPlayer = whoseTurn(state);
call    0 never executed
        -:  354:  
        -:  355:  //Discard hand
    #####:  356:  for (i = 0; i < state->handCount[currentPlayer]; i++){
branch  0 never executed
branch  1 never executed
    #####:  357:    state->discard[currentPlayer][state->discardCount[currentPlayer]++] = state->hand[currentPlayer][i];//Discard
    #####:  358:    state->hand[currentPlayer][i] = -1;//Set card to -1
        -:  359:  }
    #####:  360:  state->handCount[currentPlayer] = 0;//Reset hand count
        -:  361:    
        -:  362:  //Code for determining the player
    #####:  363:  if (currentPlayer < (state->numPlayers - 1)){ 
branch  0 never executed
branch  1 never executed
    #####:  364:    state->whoseTurn = currentPlayer + 1;//Still safe to increment
        -:  365:  }
        -:  366:  else{
    #####:  367:    state->whoseTurn = 0;//Max player has been reached, loop back around to player 1
        -:  368:  }
        -:  369:
    #####:  370:  state->outpostPlayed = 0;
    #####:  371:  state->phase = 0;
    #####:  372:  state->numActions = 1;
    #####:  373:  state->coins = 0;
    #####:  374:  state->numBuys = 1;
    #####:  375:  state->playedCardCount = 0;
    #####:  376:  state->handCount[state->whoseTurn] = 0;
        -:  377:
        -:  378:  //int k; move to top
        -:  379:  //Next player draws hand
    #####:  380:  for (k = 0; k < 5; k++){
branch  0 never executed
branch  1 never executed
    #####:  381:    drawCard(state->whoseTurn, state);//Draw a card
call    0 never executed
        -:  382:  }
        -:  383:
        -:  384:  //Update money
    #####:  385:  updateCoins(state->whoseTurn, state , 0);
call    0 never executed
        -:  386:
    #####:  387:  return 0;
        -:  388:}
        -:  389:
function isGameOver called 8 returned 100% blocks executed 100%
        8:  390:int isGameOver(struct gameState *state) {
        -:  391:  int i;
        -:  392:  int j;
        -:  393:	
        -:  394:  //if stack of Province cards is empty, the game ends
        8:  395:  if (state->supplyCount[province] == 0)
branch  0 taken 2 (fallthrough)
branch  1 taken 6
        -:  396:    {
        2:  397:      return 1;
        -:  398:    }
        -:  399:
        -:  400:  //if three supply pile are at 0, the game ends
        6:  401:  j = 0;
      156:  402:  for (i = 0; i < 25; i++)
branch  0 taken 150
branch  1 taken 6 (fallthrough)
        -:  403:    {
      150:  404:      if (state->supplyCount[i] == 0)
branch  0 taken 16 (fallthrough)
branch  1 taken 134
        -:  405:	{
       16:  406:	  j++;
        -:  407:	}
        -:  408:    }
        6:  409:  if ( j >= 3)
branch  0 taken 4 (fallthrough)
branch  1 taken 2
        -:  410:    {
        4:  411:      return 1;
        -:  412:    }
        -:  413:
        2:  414:  return 0;
        -:  415:}
        -:  416:
function scoreFor called 0 returned 0% blocks executed 0%
    #####:  417:int scoreFor (int player, struct gameState *state) {
        -:  418:
        -:  419:  int i;
    #####:  420:  int score = 0;
        -:  421:  //score from hand
    #####:  422:  for (i = 0; i < state->handCount[player]; i++)
branch  0 never executed
branch  1 never executed
        -:  423:    {
    #####:  424:      if (state->hand[player][i] == curse) { score = score - 1; };
branch  0 never executed
branch  1 never executed
    #####:  425:      if (state->hand[player][i] == estate) { score = score + 1; };
branch  0 never executed
branch  1 never executed
    #####:  426:      if (state->hand[player][i] == duchy) { score = score + 3; };
branch  0 never executed
branch  1 never executed
    #####:  427:      if (state->hand[player][i] == province) { score = score + 6; };
branch  0 never executed
branch  1 never executed
    #####:  428:      if (state->hand[player][i] == great_hall) { score = score + 1; };
branch  0 never executed
branch  1 never executed
    #####:  429:      if (state->hand[player][i] == gardens) { score = score + ( fullDeckCount(player, 0, state) / 10 ); };
branch  0 never executed
branch  1 never executed
call    2 never executed
        -:  430:    }
        -:  431:
        -:  432:  //score from discard
    #####:  433:  for (i = 0; i < state->discardCount[player]; i++)
branch  0 never executed
branch  1 never executed
        -:  434:    {
    #####:  435:      if (state->discard[player][i] == curse) { score = score - 1; };
branch  0 never executed
branch  1 never executed
    #####:  436:      if (state->discard[player][i] == estate) { score = score + 1; };
branch  0 never executed
branch  1 never executed
    #####:  437:      if (state->discard[player][i] == duchy) { score = score + 3; };
branch  0 never executed
branch  1 never executed
    #####:  438:      if (state->discard[player][i] == province) { score = score + 6; };
branch  0 never executed
branch  1 never executed
    #####:  439:      if (state->discard[player][i] == great_hall) { score = score + 1; };
branch  0 never executed
branch  1 never executed
    #####:  440:      if (state->discard[player][i] == gardens) { score = score + ( fullDeckCount(player, 0, state) / 10 ); };
branch  0 never executed
branch  1 never executed
call    2 never executed
        -:  441:    }
        -:  442:
        -:  443:  //score from deck
    #####:  444:  for (i = 0; i < state->discardCount[player]; i++)
branch  0 never executed
branch  1 never executed
        -:  445:    {
    #####:  446:      if (state->deck[player][i] == curse) { score = score - 1; };
branch  0 never executed
branch  1 never executed
    #####:  447:      if (state->deck[player][i] == estate) { score = score + 1; };
branch  0 never executed
branch  1 never executed
    #####:  448:      if (state->deck[player][i] == duchy) { score = score + 3; };
branch  0 never executed
branch  1 never executed
    #####:  449:      if (state->deck[player][i] == province) { score = score + 6; };
branch  0 never executed
branch  1 never executed
    #####:  450:      if (state->deck[player][i] == great_hall) { score = score + 1; };
branch  0 never executed
branch  1 never executed
    #####:  451:      if (state->deck[player][i] == gardens) { score = score + ( fullDeckCount(player, 0, state) / 10 ); };
branch  0 never executed
branch  1 never executed
call    2 never executed
        -:  452:    }
        -:  453:
    #####:  454:  return score;
        -:  455:}
        -:  456:
function getWinners called 0 returned 0% blocks executed 0%
    #####:  457:int getWinners(int players[MAX_PLAYERS], struct gameState *state) {
        -:  458:  int i;	
        -:  459:  int j;
        -:  460:  int highScore;
        -:  461:  int currentPlayer;
        -:  462:
        -:  463:  //get score for each player
    #####:  464:  for (i = 0; i < MAX_PLAYERS; i++)
branch  0 never executed
branch  1 never executed
        -:  465:    {
        -:  466:      //set unused player scores to -9999
    #####:  467:      if (i >= state->numPlayers)
branch  0 never executed
branch  1 never executed
        -:  468:	{
    #####:  469:	  players[i] = -9999;
        -:  470:	}
        -:  471:      else
        -:  472:	{
    #####:  473:	  players[i] = scoreFor (i, state);
call    0 never executed
        -:  474:	}
        -:  475:    }
        -:  476:
        -:  477:  //find highest score
    #####:  478:  j = 0;
    #####:  479:  for (i = 0; i < MAX_PLAYERS; i++)
branch  0 never executed
branch  1 never executed
        -:  480:    {
    #####:  481:      if (players[i] > players[j])
branch  0 never executed
branch  1 never executed
        -:  482:	{
    #####:  483:	  j = i;
        -:  484:	}
        -:  485:    }
    #####:  486:  highScore = players[j];
        -:  487:
        -:  488:  //add 1 to players who had less turns
    #####:  489:  currentPlayer = whoseTurn(state);
call    0 never executed
    #####:  490:  for (i = 0; i < MAX_PLAYERS; i++)
branch  0 never executed
branch  1 never executed
        -:  491:    {
    #####:  492:      if ( players[i] == highScore && i > currentPlayer )
branch  0 never executed
branch  1 never executed
branch  2 never executed
branch  3 never executed
        -:  493:	{
    #####:  494:	  players[i]++;
        -:  495:	}
        -:  496:    }
        -:  497:
        -:  498:  //find new highest score
    #####:  499:  j = 0;
    #####:  500:  for (i = 0; i < MAX_PLAYERS; i++)
branch  0 never executed
branch  1 never executed
        -:  501:    {
    #####:  502:      if ( players[i] > players[j] )
branch  0 never executed
branch  1 never executed
        -:  503:	{
    #####:  504:	  j = i;
        -:  505:	}
        -:  506:    }
    #####:  507:  highScore = players[j];
        -:  508:
        -:  509:  //set winners in array to 1 and rest to 0
    #####:  510:  for (i = 0; i < MAX_PLAYERS; i++)
branch  0 never executed
branch  1 never executed
        -:  511:    {
    #####:  512:      if ( players[i] == highScore )
branch  0 never executed
branch  1 never executed
        -:  513:	{
    #####:  514:	  players[i] = 1;
        -:  515:	}
        -:  516:      else
        -:  517:	{
    #####:  518:	  players[i] = 0;
        -:  519:	}
        -:  520:    }
        -:  521:
    #####:  522:  return 0;
        -:  523:}
        -:  524:
function drawCard called 7574 returned 100% blocks executed 85%
     7574:  525:int drawCard(int player, struct gameState *state)
        -:  526:{	int count;
        -:  527:  int deckCounter;
     7574:  528:  if (state->deckCount[player] <= 0){//Deck is empty
branch  0 taken 58 (fallthrough)
branch  1 taken 7516
        -:  529:    
        -:  530:    //Step 1 Shuffle the discard pile back into a deck
        -:  531:    int i;
        -:  532:    //Move discard to deck
       58:  533:    for (i = 0; i < state->discardCount[player];i++){
branch  0 taken 0
branch  1 taken 58 (fallthrough)
    #####:  534:      state->deck[player][i] = state->discard[player][i];
    #####:  535:      state->discard[player][i] = -1;
        -:  536:    }
        -:  537:
       58:  538:    state->deckCount[player] = state->discardCount[player];
       58:  539:    state->discardCount[player] = 0;//Reset discard
        -:  540:
        -:  541:    //Shufffle the deck
       58:  542:    shuffle(player, state);//Shuffle the deck up and make it so that we can draw
call    0 returned 58
        -:  543:   
        -:  544:    if (DEBUG){//Debug statements
        -:  545:      printf("Deck count now: %d\n", state->deckCount[player]);
        -:  546:    }
        -:  547:    
       58:  548:    state->discardCount[player] = 0;
        -:  549:
        -:  550:    //Step 2 Draw Card
       58:  551:    count = state->handCount[player];//Get current player's hand count
        -:  552:    
        -:  553:    if (DEBUG){//Debug statements
        -:  554:      printf("Current hand count: %d\n", count);
        -:  555:    }
        -:  556:    
       58:  557:    deckCounter = state->deckCount[player];//Create a holder for the deck count
        -:  558:
       58:  559:    if (deckCounter == 0)
branch  0 taken 58 (fallthrough)
branch  1 taken 0
       58:  560:      return -1;
        -:  561:
    #####:  562:    state->hand[player][count] = state->deck[player][deckCounter - 1];//Add card to hand
    #####:  563:    state->deckCount[player]--;
    #####:  564:    state->handCount[player]++;//Increment hand count
        -:  565:  }
        -:  566:
        -:  567:  else{
     7516:  568:    int count = state->handCount[player];//Get current hand count for player
        -:  569:    int deckCounter;
        -:  570:    if (DEBUG){//Debug statements
        -:  571:      printf("Current hand count: %d\n", count);
        -:  572:    }
        -:  573:
     7516:  574:    deckCounter = state->deckCount[player];//Create holder for the deck count
     7516:  575:    state->hand[player][count] = state->deck[player][deckCounter - 1];//Add card to the hand
     7516:  576:    state->deckCount[player]--;
     7516:  577:    state->handCount[player]++;//Increment hand count
        -:  578:  }
        -:  579:
     7516:  580:  return 0;
        -:  581:}
        -:  582:
function getCost called 405 returned 100% blocks executed 100%
      405:  583:int getCost(int cardNumber)
        -:  584:{
      405:  585:  switch( cardNumber ) 
branch  0 taken 12
branch  1 taken 21
branch  2 taken 25
branch  3 taken 12
branch  4 taken 9
branch  5 taken 12
branch  6 taken 12
branch  7 taken 30
branch  8 taken 33
branch  9 taken 2
branch 10 taken 2
branch 11 taken 28
branch 12 taken 2
branch 13 taken 31
branch 14 taken 29
branch 15 taken 2
branch 16 taken 2
branch 17 taken 21
branch 18 taken 2
branch 19 taken 39
branch 20 taken 2
branch 21 taken 2
branch 22 taken 2
branch 23 taken 2
branch 24 taken 20
branch 25 taken 19
branch 26 taken 30
branch 27 taken 2
        -:  586:    {
        -:  587:    case curse:
       12:  588:      return 0;
        -:  589:    case estate:
       21:  590:      return 2;
        -:  591:    case duchy:
       25:  592:      return 5;
        -:  593:    case province:
       12:  594:      return 8;
        -:  595:    case copper:
        9:  596:      return 0;
        -:  597:    case silver:
       12:  598:      return 3;
        -:  599:    case gold:
       12:  600:      return 6;
        -:  601:    case adventurer:
       30:  602:      return 6;
        -:  603:    case council_room:
       33:  604:      return 5;
        -:  605:    case feast:
        2:  606:      return 4;
        -:  607:    case gardens:
        2:  608:      return 4;
        -:  609:    case mine:
       28:  610:      return 5;
        -:  611:    case remodel:
        2:  612:      return 4;
        -:  613:    case smithy:
       31:  614:      return 4;
        -:  615:    case village:
       29:  616:      return 3;
        -:  617:    case baron:
        2:  618:      return 4;
        -:  619:    case great_hall:
        2:  620:      return 3;
        -:  621:    case minion:
       21:  622:      return 5;
        -:  623:    case steward:
        2:  624:      return 3;
        -:  625:    case tribute:
       39:  626:      return 5;
        -:  627:    case ambassador:
        2:  628:      return 3;
        -:  629:    case cutpurse:
        2:  630:      return 4;
        -:  631:    case embargo: 
        2:  632:      return 2;
        -:  633:    case outpost:
        2:  634:      return 5;
        -:  635:    case salvager:
       20:  636:      return 4;
        -:  637:    case sea_hag:
       19:  638:      return 4;
        -:  639:    case treasure_map:
       30:  640:      return 4;
        -:  641:    }
        -:  642:	
        2:  643:  return -1;
        -:  644:}
        -:  645:
function getAdventurer called 202 returned 100% blocks executed 100%
      202:  646:int getAdventurer(struct gameState *state, int currentPlayer, int *temphand, int handPos){
      202:  647:	int z=0, drawntreasure=0, cardDrawn;
     1151:  648:	while(drawntreasure<2){
branch  0 taken 747
branch  1 taken 202 (fallthrough)
      747:  649:		if (state->deckCount[currentPlayer] <1){//if the deck is empty we need to shuffle discard and add to deck
branch  0 taken 44 (fallthrough)
branch  1 taken 703
       44:  650:			shuffle(currentPlayer, state);
call    0 returned 44
        -:  651:	    }
      747:  652:	    drawCard(currentPlayer, state);
call    0 returned 747
      747:  653:	    cardDrawn = state->hand[currentPlayer][state->handCount[currentPlayer]-1];//top card of hand is most recently drawn card.
      747:  654:	    if (cardDrawn == copper || cardDrawn == silver || cardDrawn == gold)
branch  0 taken 626 (fallthrough)
branch  1 taken 121
branch  2 taken 476 (fallthrough)
branch  3 taken 150
branch  4 taken 133 (fallthrough)
branch  5 taken 343
      404:  655:	    	drawntreasure++;
        -:  656:	    else{
      343:  657:	    	z++;  // BUG: incorrectly increments z count before saving cardDrawn to the temphand, should be incremented at the end of the else block
      343:  658:	    	temphand[z]=cardDrawn;
      343:  659:	    	state->handCount[currentPlayer]--; //this should just remove the top card (the most recently drawn one).
        -:  660:	    	//z++;
        -:  661:	    }
        -:  662:	}
      747:  663:	while(z-1 >= 0){
branch  0 taken 343
branch  1 taken 202 (fallthrough)
        -:  664:		// Discard all cards in play that have been drawn
      343:  665:		state->discard[currentPlayer][state->discardCount[currentPlayer]++]=temphand[z-1];
      343:  666:	    z=z-1;
        -:  667:	}
        -:  668:	//discardCard(handPos, currentPlayer, state, 0);  // BUG: need to discard Adventurer
      202:  669:	return 0;
        -:  670:}
        -:  671:
function getSmithy called 202 returned 100% blocks executed 100%
      202:  672:int getSmithy(struct gameState *state, int currentPlayer, int handPos){
        -:  673:    //+3 Cards
      606:  674:    for (int i = 1; i < 3; i++){       // BUG: incorrect loop count, should be i = 0; i < 3; i++
branch  0 taken 404
branch  1 taken 202 (fallthrough)
      404:  675:	  drawCard(currentPlayer, state);
call    0 returned 404
        -:  676:	}
        -:  677:			
        -:  678:    //discard card from hand
      202:  679:    discardCard(handPos, currentPlayer, state, 0);
call    0 returned 202
      202:  680:    return 0;
        -:  681:}
        -:  682:
function getSalvager called 202 returned 100% blocks executed 100%
      202:  683:int getSalvager(int choice1, struct gameState *state, int currentPlayer, int handPos){
        -:  684:	//+1 buy
      202:  685:	state->numBuys++;
        -:  686:				
      202:  687:	if (choice1){
branch  0 taken 143 (fallthrough)
branch  1 taken 59
        -:  688:		//gain coins equal to trashed card
      143:  689:		state->coins = state->coins - getCost( handCard(choice1, state) ); // BUG: incorrect arithmetic, should be state->coins '+' getCost(choice1, state)
call    0 returned 143
call    1 returned 143
        -:  690:		//trash card
      143:  691:		discardCard(choice1, currentPlayer, state, 1);	
call    0 returned 143
        -:  692:	}
        -:  693:				
        -:  694:	//discard card
      202:  695:	discardCard(handPos, currentPlayer, state, 0);
call    0 returned 202
      202:  696:	return 0;
        -:  697:}
        -:  698:
function getSeaHag called 2 returned 100% blocks executed 100%
        2:  699:int getSeaHag(struct gameState *state, int currentPlayer, int handPos){
        6:  700:	for (int i = 0; i < state->numPlayers; i++){
branch  0 taken 4
branch  1 taken 2 (fallthrough)
        4:  701:		if (i == currentPlayer){                    // BUG: incorrect equality, should be !=
branch  0 taken 2 (fallthrough)
branch  1 taken 2
        2:  702:			state->discard[i][state->discardCount[i]] = state->deck[i][state->deckCount[i]--];	// BUG: should be -1, not --		    
        2:  703:			state->deckCount[i]--; // BUG: not needed
        2:  704:	    	state->discardCount[i]++;
        2:  705:	    	state->deck[i][state->deckCount[i]--] = curse; //Top card now a curse; BUG: should be -1, not --
        -:  706:	    	//state->supplyCount[curse]--; // BUG: need to take curse from game supply
        -:  707:	    }
        -:  708:	}
        -:  709:	
        -:  710:	//discardCard(handPos, currentPlayer, state, 0); // BUG: need to discard Sea Hag
        2:  711:	return 0;
        -:  712:}
        -:  713:
function getTreasureMap called 0 returned 0% blocks executed 0%
    #####:  714:int getTreasureMap(struct gameState *state, int currentPlayer, int handPos){
        -:  715:    //search hand for another treasure_map
    #####:  716:    int index = -1;
    #####:  717:    for (int i = 0; i < state->handCount[currentPlayer]; i++){
branch  0 never executed
branch  1 never executed
    #####:  718:  	  if (state->hand[currentPlayer][i] == treasure_map && i != handPos){
branch  0 never executed
branch  1 never executed
branch  2 never executed
branch  3 never executed
    #####:  719:  		  index = i;
    #####:  720:  		  break;
        -:  721:  	  }
        -:  722:    }
    #####:  723:    if (index > -1){
branch  0 never executed
branch  1 never executed
        -:  724:  	  //trash both treasure cards
    #####:  725:  	  discardCard(handPos, currentPlayer, state, 1);
call    0 never executed
    #####:  726:  	  discardCard(index, currentPlayer, state, 1);
call    0 never executed
        -:  727:
        -:  728:  	  //gain 4 Gold cards
    #####:  729:  	  for (int i = 0; i < 4; i++){
branch  0 never executed
branch  1 never executed
    #####:  730:  		  gainCard(gold, state, 1, currentPlayer);
call    0 never executed
        -:  731:  	  }
        -:  732:				
        -:  733:  	  //return success
    #####:  734:  	  return 1;
        -:  735:    }
        -:  736:			
        -:  737:    //no second treasure_map found in hand
    #####:  738:    return -1;
        -:  739:}
        -:  740:
function cardEffect called 608 returned 100% blocks executed 5%
      608:  741:int cardEffect(int card, int choice1, int choice2, int choice3, struct gameState *state, int handPos, int *bonus)
        -:  742:{
        -:  743:  int i;
        -:  744:  int j;
        -:  745:  int k;
        -:  746:  int x;
        -:  747:  //int index;
      608:  748:  int currentPlayer = whoseTurn(state);
call    0 returned 608
      608:  749:  int nextPlayer = currentPlayer + 1;
        -:  750:
      608:  751:  int tributeRevealedCards[2] = {-1, -1};
        -:  752:  int temphand[MAX_HAND];// moved above the if statement
        -:  753:  //int drawntreasure=0;
        -:  754:  //int cardDrawn;
        -:  755:  //int z = 0;// this is the counter for the temp hand
      608:  756:  if (nextPlayer > (state->numPlayers - 1)){
branch  0 taken 206 (fallthrough)
branch  1 taken 402
      206:  757:    nextPlayer = 0;
        -:  758:  }
        -:  759:  
        -:  760:	
        -:  761:  //uses switch to select card and perform actions
      608:  762:  switch( card ) 
branch  0 taken 202
branch  1 taken 0
branch  2 taken 0
branch  3 taken 0
branch  4 taken 0
branch  5 taken 0
branch  6 taken 202
branch  7 taken 0
branch  8 taken 0
branch  9 taken 0
branch 10 taken 0
branch 11 taken 0
branch 12 taken 0
branch 13 taken 0
branch 14 taken 0
branch 15 taken 0
branch 16 taken 0
branch 17 taken 202
branch 18 taken 2
branch 19 taken 0
branch 20 taken 0
        -:  763:    {
        -:  764:    case adventurer:
      202:  765:    	return getAdventurer(state, currentPlayer, temphand, handPos);
call    0 returned 202
        -:  766:			
        -:  767:    case council_room:
        -:  768:      //+4 Cards
    #####:  769:      for (i = 0; i < 4; i++){
branch  0 never executed
branch  1 never executed
    #####:  770:    	  drawCard(currentPlayer, state);
call    0 never executed
        -:  771:      }
        -:  772:			
        -:  773:      //+1 Buy
    #####:  774:      state->numBuys++;
        -:  775:			
        -:  776:      //Each other player draws a card
    #####:  777:      for (i = 0; i < state->numPlayers; i++){
branch  0 never executed
branch  1 never executed
    #####:  778:    	  if ( i != currentPlayer ){
branch  0 never executed
branch  1 never executed
    #####:  779:    		  drawCard(i, state);
call    0 never executed
        -:  780:    	  }
        -:  781:      }
        -:  782:			
        -:  783:      //put played card in played card pile
    #####:  784:      discardCard(handPos, currentPlayer, state, 0);
call    0 never executed
        -:  785:			
    #####:  786:      return 0;
        -:  787:			
        -:  788:    case feast:
        -:  789:      //gain card with cost up to 5
        -:  790:      //Backup hand
    #####:  791:      for (i = 0; i <= state->handCount[currentPlayer]; i++){
branch  0 never executed
branch  1 never executed
    #####:  792:    	  i = state->hand[currentPlayer][i];//Backup card
    #####:  793:    	  state->hand[currentPlayer][i] = -1;//Set to nothing
        -:  794:      }
        -:  795:      //Backup hand
        -:  796:
        -:  797:      //Update Coins for Buy
    #####:  798:      updateCoins(currentPlayer, state, 5);
call    0 never executed
    #####:  799:      x = 1;//Condition to loop on
    #####:  800:      while( x == 1) {//Buy one card
branch  0 never executed
branch  1 never executed
    #####:  801:    	  if (supplyCount(choice1, state) <= 0){
call    0 never executed
branch  1 never executed
branch  2 never executed
        -:  802:    		  if (DEBUG)
        -:  803:    			  printf("None of that card left, sorry!\n");
        -:  804:
        -:  805:    		  if (DEBUG){
        -:  806:    			  printf("Cards Left: %d\n", supplyCount(choice1, state));
        -:  807:    		  }
        -:  808:    	  }
    #####:  809:    	  else if (state->coins < getCost(choice1)){
call    0 never executed
branch  1 never executed
branch  2 never executed
    #####:  810:    		  printf("That card is too expensive!\n");
call    0 never executed
        -:  811:
        -:  812:    		  if (DEBUG){
        -:  813:    			  printf("Coins: %d < %d\n", state->coins, getCost(choice1));
        -:  814:    		  }
        -:  815:    	  }
        -:  816:    	  else{
        -:  817:
        -:  818:    		  if (DEBUG){
        -:  819:    			  printf("Deck Count: %d\n", state->handCount[currentPlayer] + state->deckCount[currentPlayer] + state->discardCount[currentPlayer]);
        -:  820:    		  }
        -:  821:
    #####:  822:    		  gainCard(choice1, state, 0, currentPlayer);//Gain the card
call    0 never executed
    #####:  823:    		  x = 0;//No more buying cards
        -:  824:
        -:  825:    		  if (DEBUG){
        -:  826:    			  printf("Deck Count: %d\n", state->handCount[currentPlayer] + state->deckCount[currentPlayer] + state->discardCount[currentPlayer]);
        -:  827:    		  }
        -:  828:
        -:  829:    	  }
        -:  830:      }     
        -:  831:
        -:  832:      //Reset Hand
    #####:  833:      for (i = 0; i <= state->handCount[currentPlayer]; i++){
branch  0 never executed
branch  1 never executed
    #####:  834:    	  state->hand[currentPlayer][i] = i;
    #####:  835:    	  i = -1;
        -:  836:      }
        -:  837:      //Reset Hand
        -:  838:      			
    #####:  839:      return 0;
        -:  840:			
        -:  841:    case gardens:
    #####:  842:    	return -1;
        -:  843:			
        -:  844:    case mine:
    #####:  845:      j = state->hand[currentPlayer][choice1];  //store card we will trash
        -:  846:
    #####:  847:      if (state->hand[currentPlayer][choice1] < copper || state->hand[currentPlayer][choice1] > gold)
branch  0 never executed
branch  1 never executed
branch  2 never executed
branch  3 never executed
        -:  848:	{
    #####:  849:	  return -1;
        -:  850:	}
        -:  851:		
    #####:  852:      if (choice2 > treasure_map || choice2 < curse)
branch  0 never executed
branch  1 never executed
branch  2 never executed
branch  3 never executed
        -:  853:	{
    #####:  854:	  return -1;
        -:  855:	}
        -:  856:
    #####:  857:      if ( (getCost(state->hand[currentPlayer][choice1]) + 3) > getCost(choice2) )
call    0 never executed
call    1 never executed
branch  2 never executed
branch  3 never executed
        -:  858:	{
    #####:  859:	  return -1;
        -:  860:	}
        -:  861:
    #####:  862:      gainCard(choice2, state, 2, currentPlayer);
call    0 never executed
        -:  863:
        -:  864:      //discard card from hand
    #####:  865:      discardCard(handPos, currentPlayer, state, 0);
call    0 never executed
        -:  866:
        -:  867:      //discard trashed card
    #####:  868:      for (i = 0; i < state->handCount[currentPlayer]; i++)
branch  0 never executed
branch  1 never executed
        -:  869:	{
    #####:  870:	  if (state->hand[currentPlayer][i] == j)
branch  0 never executed
branch  1 never executed
        -:  871:	    {
    #####:  872:	      discardCard(i, currentPlayer, state, 0);			
call    0 never executed
    #####:  873:	      break;
        -:  874:	    }
        -:  875:	}
        -:  876:			
    #####:  877:      return 0;
        -:  878:			
        -:  879:    case remodel:
    #####:  880:      j = state->hand[currentPlayer][choice1];  //store card we will trash
        -:  881:
    #####:  882:      if ( (getCost(state->hand[currentPlayer][choice1]) + 2) > getCost(choice2) )
call    0 never executed
call    1 never executed
branch  2 never executed
branch  3 never executed
        -:  883:	{
    #####:  884:	  return -1;
        -:  885:	}
        -:  886:
    #####:  887:      gainCard(choice2, state, 0, currentPlayer);
call    0 never executed
        -:  888:
        -:  889:      //discard card from hand
    #####:  890:      discardCard(handPos, currentPlayer, state, 0);
call    0 never executed
        -:  891:
        -:  892:      //discard trashed card
    #####:  893:      for (i = 0; i < state->handCount[currentPlayer]; i++)
branch  0 never executed
branch  1 never executed
        -:  894:	{
    #####:  895:	  if (state->hand[currentPlayer][i] == j)
branch  0 never executed
branch  1 never executed
        -:  896:	    {
    #####:  897:	      discardCard(i, currentPlayer, state, 0);			
call    0 never executed
    #####:  898:	      break;
        -:  899:	    }
        -:  900:	}
        -:  901:
        -:  902:
    #####:  903:      return 0;
        -:  904:		
        -:  905:    case smithy:
      202:  906:    	return getSmithy(state, currentPlayer, handPos);
call    0 returned 202
        -:  907:		
        -:  908:    case village:
        -:  909:      //+1 Card
    #####:  910:      drawCard(currentPlayer, state);
call    0 never executed
        -:  911:			
        -:  912:      //+2 Actions
    #####:  913:      state->numActions = state->numActions + 2;
        -:  914:			
        -:  915:      //discard played card from hand
    #####:  916:      discardCard(handPos, currentPlayer, state, 0);
call    0 never executed
    #####:  917:      return 0;
        -:  918:		
        -:  919:    case baron:
    #####:  920:      state->numBuys++;//Increase buys by 1!
    #####:  921:      if (choice1 > 0){//Boolean true or going to discard an estate
branch  0 never executed
branch  1 never executed
    #####:  922:	int p = 0;//Iterator for hand!
    #####:  923:	int card_not_discarded = 1;//Flag for discard set!
    #####:  924:	while(card_not_discarded){
branch  0 never executed
branch  1 never executed
    #####:  925:	  if (state->hand[currentPlayer][p] == estate){//Found an estate card!
branch  0 never executed
branch  1 never executed
    #####:  926:	    state->coins += 4;//Add 4 coins to the amount of coins
    #####:  927:	    state->discard[currentPlayer][state->discardCount[currentPlayer]] = state->hand[currentPlayer][p];
    #####:  928:	    state->discardCount[currentPlayer]++;
    #####:  929:	    for (;p < state->handCount[currentPlayer]; p++){
branch  0 never executed
branch  1 never executed
    #####:  930:	      state->hand[currentPlayer][p] = state->hand[currentPlayer][p+1];
        -:  931:	    }
    #####:  932:	    state->hand[currentPlayer][state->handCount[currentPlayer]] = -1;
    #####:  933:	    state->handCount[currentPlayer]--;
    #####:  934:	    card_not_discarded = 0;//Exit the loop
        -:  935:	  }
    #####:  936:	  else if (p > state->handCount[currentPlayer]){
branch  0 never executed
branch  1 never executed
        -:  937:	    if(DEBUG) {
        -:  938:	      printf("No estate cards in your hand, invalid choice\n");
        -:  939:	      printf("Must gain an estate if there are any\n");
        -:  940:	    }
    #####:  941:	    if (supplyCount(estate, state) > 0){
call    0 never executed
branch  1 never executed
branch  2 never executed
    #####:  942:	      gainCard(estate, state, 0, currentPlayer);
call    0 never executed
    #####:  943:	      state->supplyCount[estate]--;//Decrement estates
    #####:  944:	      if (supplyCount(estate, state) == 0){
call    0 never executed
branch  1 never executed
branch  2 never executed
    #####:  945:		isGameOver(state);
call    0 never executed
        -:  946:	      }
        -:  947:	    }
    #####:  948:	    card_not_discarded = 0;//Exit the loop
        -:  949:	  }
        -:  950:			    
        -:  951:	  else{
    #####:  952:	    p++;//Next card
        -:  953:	  }
        -:  954:	}
        -:  955:      }
        -:  956:			    
        -:  957:      else{
    #####:  958:	if (supplyCount(estate, state) > 0){
call    0 never executed
branch  1 never executed
branch  2 never executed
    #####:  959:	  gainCard(estate, state, 0, currentPlayer);//Gain an estate
call    0 never executed
    #####:  960:	  state->supplyCount[estate]--;//Decrement Estates
    #####:  961:	  if (supplyCount(estate, state) == 0){
call    0 never executed
branch  1 never executed
branch  2 never executed
    #####:  962:	    isGameOver(state);
call    0 never executed
        -:  963:	  }
        -:  964:	}
        -:  965:      }
        -:  966:	    
        -:  967:      
    #####:  968:      return 0;
        -:  969:		
        -:  970:    case great_hall:
        -:  971:      //+1 Card
    #####:  972:      drawCard(currentPlayer, state);
call    0 never executed
        -:  973:			
        -:  974:      //+1 Actions
    #####:  975:      state->numActions++;
        -:  976:			
        -:  977:      //discard card from hand
    #####:  978:      discardCard(handPos, currentPlayer, state, 0);
call    0 never executed
    #####:  979:      return 0;
        -:  980:		
        -:  981:    case minion:
        -:  982:      //+1 action
    #####:  983:      state->numActions++;
        -:  984:			
        -:  985:      //discard card from hand
    #####:  986:      discardCard(handPos, currentPlayer, state, 0);
call    0 never executed
        -:  987:			
    #####:  988:      if (choice1)		//+2 coins
branch  0 never executed
branch  1 never executed
        -:  989:	{
    #####:  990:	  state->coins = state->coins + 2;
        -:  991:	}
        -:  992:			
    #####:  993:      else if (choice2)		//discard hand, redraw 4, other players with 5+ cards discard hand and draw 4
branch  0 never executed
branch  1 never executed
        -:  994:	{
        -:  995:	  //discard hand
    #####:  996:	  while(numHandCards(state) > 0)
call    0 never executed
branch  1 never executed
branch  2 never executed
        -:  997:	    {
    #####:  998:	      discardCard(handPos, currentPlayer, state, 0);
call    0 never executed
        -:  999:	    }
        -: 1000:				
        -: 1001:	  //draw 4
    #####: 1002:	  for (i = 0; i < 4; i++)
branch  0 never executed
branch  1 never executed
        -: 1003:	    {
    #####: 1004:	      drawCard(currentPlayer, state);
call    0 never executed
        -: 1005:	    }
        -: 1006:				
        -: 1007:	  //other players discard hand and redraw if hand size > 4
    #####: 1008:	  for (i = 0; i < state->numPlayers; i++)
branch  0 never executed
branch  1 never executed
        -: 1009:	    {
    #####: 1010:	      if (i != currentPlayer)
branch  0 never executed
branch  1 never executed
        -: 1011:		{
    #####: 1012:		  if ( state->handCount[i] > 4 )
branch  0 never executed
branch  1 never executed
        -: 1013:		    {
        -: 1014:		      //discard hand
    #####: 1015:		      while( state->handCount[i] > 0 )
branch  0 never executed
branch  1 never executed
        -: 1016:			{
    #####: 1017:			  discardCard(handPos, i, state, 0);
call    0 never executed
        -: 1018:			}
        -: 1019:							
        -: 1020:		      //draw 4
    #####: 1021:		      for (j = 0; j < 4; j++)
branch  0 never executed
branch  1 never executed
        -: 1022:			{
    #####: 1023:			  drawCard(i, state);
call    0 never executed
        -: 1024:			}
        -: 1025:		    }
        -: 1026:		}
        -: 1027:	    }
        -: 1028:				
        -: 1029:	}
    #####: 1030:      return 0;
        -: 1031:		
        -: 1032:    case steward:
    #####: 1033:      if (choice1 == 1)
branch  0 never executed
branch  1 never executed
        -: 1034:	{
        -: 1035:	  //+2 cards
    #####: 1036:	  drawCard(currentPlayer, state);
call    0 never executed
    #####: 1037:	  drawCard(currentPlayer, state);
call    0 never executed
        -: 1038:	}
    #####: 1039:      else if (choice1 == 2)
branch  0 never executed
branch  1 never executed
        -: 1040:	{
        -: 1041:	  //+2 coins
    #####: 1042:	  state->coins = state->coins + 2;
        -: 1043:	}
        -: 1044:      else
        -: 1045:	{
        -: 1046:	  //trash 2 cards in hand
    #####: 1047:	  discardCard(choice2, currentPlayer, state, 1);
call    0 never executed
    #####: 1048:	  discardCard(choice3, currentPlayer, state, 1);
call    0 never executed
        -: 1049:	}
        -: 1050:			
        -: 1051:      //discard card from hand
    #####: 1052:      discardCard(handPos, currentPlayer, state, 0);
call    0 never executed
    #####: 1053:      return 0;
        -: 1054:		
        -: 1055:    case tribute:
    #####: 1056:      if ((state->discardCount[nextPlayer] + state->deckCount[nextPlayer]) <= 1){
branch  0 never executed
branch  1 never executed
    #####: 1057:	if (state->deckCount[nextPlayer] > 0){
branch  0 never executed
branch  1 never executed
    #####: 1058:	  tributeRevealedCards[0] = state->deck[nextPlayer][state->deckCount[nextPlayer]-1];
    #####: 1059:	  state->deckCount[nextPlayer]--;
        -: 1060:	}
    #####: 1061:	else if (state->discardCount[nextPlayer] > 0){
branch  0 never executed
branch  1 never executed
    #####: 1062:	  tributeRevealedCards[0] = state->discard[nextPlayer][state->discardCount[nextPlayer]-1];
    #####: 1063:	  state->discardCount[nextPlayer]--;
        -: 1064:	}
        -: 1065:	else{
        -: 1066:	  //No Card to Reveal
        -: 1067:	  if (DEBUG){
        -: 1068:	    printf("No cards to reveal\n");
        -: 1069:	  }
        -: 1070:	}
        -: 1071:      }
        -: 1072:	    
        -: 1073:      else{
    #####: 1074:	if (state->deckCount[nextPlayer] == 0){
branch  0 never executed
branch  1 never executed
    #####: 1075:	  for (i = 0; i < state->discardCount[nextPlayer]; i++){
branch  0 never executed
branch  1 never executed
    #####: 1076:	    state->deck[nextPlayer][i] = state->discard[nextPlayer][i];//Move to deck
    #####: 1077:	    state->deckCount[nextPlayer]++;
    #####: 1078:	    state->discard[nextPlayer][i] = -1;
    #####: 1079:	    state->discardCount[nextPlayer]--;
        -: 1080:	  }
        -: 1081:			    
    #####: 1082:	  shuffle(nextPlayer,state);//Shuffle the deck
call    0 never executed
        -: 1083:	} 
    #####: 1084:	tributeRevealedCards[0] = state->deck[nextPlayer][state->deckCount[nextPlayer]-1];
    #####: 1085:	state->deck[nextPlayer][state->deckCount[nextPlayer]--] = -1;
    #####: 1086:	state->deckCount[nextPlayer]--;
    #####: 1087:	tributeRevealedCards[1] = state->deck[nextPlayer][state->deckCount[nextPlayer]-1];
    #####: 1088:	state->deck[nextPlayer][state->deckCount[nextPlayer]--] = -1;
    #####: 1089:	state->deckCount[nextPlayer]--;
        -: 1090:      }    
        -: 1091:		       
    #####: 1092:      if (tributeRevealedCards[0] == tributeRevealedCards[1]){//If we have a duplicate card, just drop one 
branch  0 never executed
branch  1 never executed
    #####: 1093:	state->playedCards[state->playedCardCount] = tributeRevealedCards[1];
    #####: 1094:	state->playedCardCount++;
    #####: 1095:	tributeRevealedCards[1] = -1;
        -: 1096:      }
        -: 1097:
    #####: 1098:      for (i = 0; i <= 2; i ++){
branch  0 never executed
branch  1 never executed
    #####: 1099:	if (tributeRevealedCards[i] == copper || tributeRevealedCards[i] == silver || tributeRevealedCards[i] == gold){//Treasure cards
branch  0 never executed
branch  1 never executed
branch  2 never executed
branch  3 never executed
branch  4 never executed
branch  5 never executed
    #####: 1100:	  state->coins += 2;
        -: 1101:	}
        -: 1102:		    
    #####: 1103:	else if (tributeRevealedCards[i] == estate || tributeRevealedCards[i] == duchy || tributeRevealedCards[i] == province || tributeRevealedCards[i] == gardens || tributeRevealedCards[i] == great_hall){//Victory Card Found
branch  0 never executed
branch  1 never executed
branch  2 never executed
branch  3 never executed
branch  4 never executed
branch  5 never executed
branch  6 never executed
branch  7 never executed
branch  8 never executed
branch  9 never executed
    #####: 1104:	  drawCard(currentPlayer, state);
call    0 never executed
    #####: 1105:	  drawCard(currentPlayer, state);
call    0 never executed
        -: 1106:	}
        -: 1107:	else{//Action Card
    #####: 1108:	  state->numActions = state->numActions + 2;
        -: 1109:	}
        -: 1110:      }
        -: 1111:	    
    #####: 1112:      return 0;
        -: 1113:		
        -: 1114:    case ambassador:
    #####: 1115:      j = 0;		//used to check if player has enough cards to discard
        -: 1116:
    #####: 1117:      if (choice2 > 2 || choice2 < 0)
branch  0 never executed
branch  1 never executed
branch  2 never executed
branch  3 never executed
        -: 1118:	{
    #####: 1119:	  return -1;				
        -: 1120:	}
        -: 1121:
    #####: 1122:      if (choice1 == handPos)
branch  0 never executed
branch  1 never executed
        -: 1123:	{
    #####: 1124:	  return -1;
        -: 1125:	}
        -: 1126:
    #####: 1127:      for (i = 0; i < state->handCount[currentPlayer]; i++)
branch  0 never executed
branch  1 never executed
        -: 1128:	{
    #####: 1129:	  if (i != handPos && i == state->hand[currentPlayer][choice1] && i != choice1)
branch  0 never executed
branch  1 never executed
branch  2 never executed
branch  3 never executed
branch  4 never executed
branch  5 never executed
        -: 1130:	    {
    #####: 1131:	      j++;
        -: 1132:	    }
        -: 1133:	}
    #####: 1134:      if (j < choice2)
branch  0 never executed
branch  1 never executed
        -: 1135:	{
    #####: 1136:	  return -1;				
        -: 1137:	}
        -: 1138:
        -: 1139:      if (DEBUG) 
        -: 1140:	printf("Player %d reveals card number: %d\n", currentPlayer, state->hand[currentPlayer][choice1]);
        -: 1141:
        -: 1142:      //increase supply count for choosen card by amount being discarded
    #####: 1143:      state->supplyCount[state->hand[currentPlayer][choice1]] += choice2;
        -: 1144:			
        -: 1145:      //each other player gains a copy of revealed card
    #####: 1146:      for (i = 0; i < state->numPlayers; i++)
branch  0 never executed
branch  1 never executed
        -: 1147:	{
    #####: 1148:	  if (i != currentPlayer)
branch  0 never executed
branch  1 never executed
        -: 1149:	    {
    #####: 1150:	      gainCard(state->hand[currentPlayer][choice1], state, 0, i);
call    0 never executed
        -: 1151:	    }
        -: 1152:	}
        -: 1153:
        -: 1154:      //discard played card from hand
    #####: 1155:      discardCard(handPos, currentPlayer, state, 0);			
call    0 never executed
        -: 1156:
        -: 1157:      //trash copies of cards returned to supply
    #####: 1158:      for (j = 0; j < choice2; j++)
branch  0 never executed
branch  1 never executed
        -: 1159:	{
    #####: 1160:	  for (i = 0; i < state->handCount[currentPlayer]; i++)
branch  0 never executed
branch  1 never executed
        -: 1161:	    {
    #####: 1162:	      if (state->hand[currentPlayer][i] == state->hand[currentPlayer][choice1])
branch  0 never executed
branch  1 never executed
        -: 1163:		{
    #####: 1164:		  discardCard(i, currentPlayer, state, 1);
call    0 never executed
    #####: 1165:		  break;
        -: 1166:		}
        -: 1167:	    }
        -: 1168:	}			
        -: 1169:
    #####: 1170:      return 0;
        -: 1171:		
        -: 1172:    case cutpurse:
        -: 1173:
    #####: 1174:      updateCoins(currentPlayer, state, 2);
call    0 never executed
    #####: 1175:      for (i = 0; i < state->numPlayers; i++)
branch  0 never executed
branch  1 never executed
        -: 1176:	{
    #####: 1177:	  if (i != currentPlayer)
branch  0 never executed
branch  1 never executed
        -: 1178:	    {
    #####: 1179:	      for (j = 0; j < state->handCount[i]; j++)
branch  0 never executed
branch  1 never executed
        -: 1180:		{
    #####: 1181:		  if (state->hand[i][j] == copper)
branch  0 never executed
branch  1 never executed
        -: 1182:		    {
    #####: 1183:		      discardCard(j, i, state, 0);
call    0 never executed
    #####: 1184:		      break;
        -: 1185:		    }
    #####: 1186:		  if (j == state->handCount[i])
branch  0 never executed
branch  1 never executed
        -: 1187:		    {
    #####: 1188:		      for (k = 0; k < state->handCount[i]; k++)
branch  0 never executed
branch  1 never executed
        -: 1189:			{
        -: 1190:			  if (DEBUG)
        -: 1191:			    printf("Player %d reveals card number %d\n", i, state->hand[i][k]);
        -: 1192:			}	
    #####: 1193:		      break;
        -: 1194:		    }		
        -: 1195:		}
        -: 1196:					
        -: 1197:	    }
        -: 1198:				
        -: 1199:	}				
        -: 1200:
        -: 1201:      //discard played card from hand
    #####: 1202:      discardCard(handPos, currentPlayer, state, 0);			
call    0 never executed
        -: 1203:
    #####: 1204:      return 0;
        -: 1205:
        -: 1206:		
        -: 1207:    case embargo: 
        -: 1208:      //+2 Coins
    #####: 1209:      state->coins = state->coins + 2;
        -: 1210:			
        -: 1211:      //see if selected pile is in play
    #####: 1212:      if ( state->supplyCount[choice1] == -1 )
branch  0 never executed
branch  1 never executed
        -: 1213:	{
    #####: 1214:	  return -1;
        -: 1215:	}
        -: 1216:			
        -: 1217:      //add embargo token to selected supply pile
    #####: 1218:      state->embargoTokens[choice1]++;
        -: 1219:			
        -: 1220:      //trash card
    #####: 1221:      discardCard(handPos, currentPlayer, state, 1);		
call    0 never executed
    #####: 1222:      return 0;
        -: 1223:		
        -: 1224:    case outpost:
        -: 1225:      //set outpost flag
    #####: 1226:      state->outpostPlayed++;
        -: 1227:			
        -: 1228:      //discard card
    #####: 1229:      discardCard(handPos, currentPlayer, state, 0);
call    0 never executed
    #####: 1230:      return 0;
        -: 1231:		
        -: 1232:    case salvager:
      202: 1233:    	return getSalvager(choice1, state, currentPlayer, handPos);
call    0 returned 202
        -: 1234:		
        -: 1235:    case sea_hag:
        2: 1236:    	return getSeaHag(state, currentPlayer, handPos);
call    0 returned 2
        -: 1237:		
        -: 1238:    case treasure_map:
    #####: 1239:    	return getTreasureMap(state, currentPlayer, handPos);
call    0 never executed
        -: 1240:    }
        -: 1241:	
    #####: 1242:  return -1;
        -: 1243:}
        -: 1244:
function discardCard called 547 returned 100% blocks executed 89%
      547: 1245:int discardCard(int handPos, int currentPlayer, struct gameState *state, int trashFlag)
        -: 1246:{
        -: 1247:	
        -: 1248:  //if card is not trashed, added to Played pile 
      547: 1249:  if (trashFlag < 1){
branch  0 taken 404 (fallthrough)
branch  1 taken 143
        -: 1250:      //add card to played pile
      404: 1251:      state->playedCards[state->playedCardCount] = state->hand[currentPlayer][handPos]; 
      404: 1252:      state->playedCardCount++;
        -: 1253:  }
        -: 1254:	
        -: 1255:  //set played card to -1
      547: 1256:  state->hand[currentPlayer][handPos] = -1;
        -: 1257:	
        -: 1258:  //remove card from player's hand
      547: 1259:  if ( handPos == (state->handCount[currentPlayer] - 1) ) 	//last card in hand array is played
branch  0 taken 131 (fallthrough)
branch  1 taken 416
        -: 1260:    {
        -: 1261:      //reduce number of cards in hand
      131: 1262:      state->handCount[currentPlayer]--;
        -: 1263:    }
      416: 1264:  else if ( state->handCount[currentPlayer] == 1 ) //only one card in hand
branch  0 taken 0 (fallthrough)
branch  1 taken 416
        -: 1265:    {
        -: 1266:      //reduce number of cards in hand
    #####: 1267:      state->handCount[currentPlayer]--;
        -: 1268:    }
        -: 1269:  else 	
        -: 1270:    {
        -: 1271:      //replace discarded card with last card in hand
      416: 1272:      state->hand[currentPlayer][handPos] = state->hand[currentPlayer][ (state->handCount[currentPlayer] - 1)];
        -: 1273:      //set last card to -1
      416: 1274:      state->hand[currentPlayer][state->handCount[currentPlayer] - 1] = -1;
        -: 1275:      //reduce number of cards in hand
      416: 1276:      state->handCount[currentPlayer]--;
        -: 1277:    }
        -: 1278:	
      547: 1279:  return 0;
        -: 1280:}
        -: 1281:
function gainCard called 2 returned 100% blocks executed 70%
        2: 1282:int gainCard(int supplyPos, struct gameState *state, int toFlag, int player)
        -: 1283:{
        -: 1284:  //Note: supplyPos is enum of choosen card
        -: 1285:	
        -: 1286:  //check if supply pile is empty (0) or card is not used in game (-1)
        2: 1287:  if ( supplyCount(supplyPos, state) < 1 )
call    0 returned 2
branch  1 taken 0 (fallthrough)
branch  2 taken 2
        -: 1288:    {
    #####: 1289:      return -1;
        -: 1290:    }
        -: 1291:	
        -: 1292:  //added card for [whoseTurn] current player:
        -: 1293:  // toFlag = 0 : add to discard
        -: 1294:  // toFlag = 1 : add to deck
        -: 1295:  // toFlag = 2 : add to hand
        -: 1296:
        2: 1297:  if (toFlag == 1)
branch  0 taken 0 (fallthrough)
branch  1 taken 2
        -: 1298:    {
    #####: 1299:      state->deck[ player ][ state->deckCount[player] ] = supplyPos;
    #####: 1300:      state->deckCount[player]++;
        -: 1301:    }
        2: 1302:  else if (toFlag == 2)
branch  0 taken 0 (fallthrough)
branch  1 taken 2
        -: 1303:    {
    #####: 1304:      state->hand[ player ][ state->handCount[player] ] = supplyPos;
    #####: 1305:      state->handCount[player]++;
        -: 1306:    }
        -: 1307:  else
        -: 1308:    {
        2: 1309:      state->discard[player][ state->discardCount[player] ] = supplyPos;
        2: 1310:      state->discardCount[player]++;
        -: 1311:    }
        -: 1312:	
        -: 1313:  //decrease number in supply pile
        2: 1314:  state->supplyCount[supplyPos]--;
        -: 1315:	 
        2: 1316:  return 0;
        -: 1317:}
        -: 1318:
function updateCoins called 618 returned 100% blocks executed 100%
      618: 1319:int updateCoins(int player, struct gameState *state, int bonus)
        -: 1320:{
        -: 1321:  int i;
        -: 1322:	
        -: 1323:  //reset coin count
      618: 1324:  state->coins = 0;
        -: 1325:
        -: 1326:  //add coins for each Treasure card in player's hand
     2716: 1327:  for (i = 0; i < state->handCount[player]; i++)
branch  0 taken 2098
branch  1 taken 618 (fallthrough)
        -: 1328:    {
     2098: 1329:      if (state->hand[player][i] == copper)
branch  0 taken 241 (fallthrough)
branch  1 taken 1857
        -: 1330:	{
      241: 1331:	  state->coins += 1;
        -: 1332:	}
     1857: 1333:      else if (state->hand[player][i] == silver)
branch  0 taken 191 (fallthrough)
branch  1 taken 1666
        -: 1334:	{
      191: 1335:	  state->coins += 2;
        -: 1336:	}
     1666: 1337:      else if (state->hand[player][i] == gold)
branch  0 taken 175 (fallthrough)
branch  1 taken 1491
        -: 1338:	{
      175: 1339:	  state->coins += 3;
        -: 1340:	}	
        -: 1341:    }	
        -: 1342:
        -: 1343:  //add bonus
      618: 1344:  state->coins += bonus;
        -: 1345:
      618: 1346:  return 0;
        -: 1347:}
        -: 1348:
        -: 1349://end of dominion.c
        -: 1350:
